<?xml version="1.0" encoding="utf-8"?><testsuites><testsuite name="pytest" errors="11" failures="0" skipped="0" tests="11" time="2.089" timestamp="2025-10-18T11:44:08.947571+11:00" hostname="Matthew"><testcase classname="NotMoodle.assist.tests.test_models.TestDocumentChunk" name="test_create_document_chunk" time="0.292"><error message="failed on setup with &quot;django.db.utils.OperationalError: near &quot;EXTENSION&quot;: syntax error&quot;">C:\Users\matth\anaconda3\Lib\site-packages\django\db\backends\utils.py:103: in _execute
    return self.cursor.execute(sql)
        ignored_wrapper_args = (False,
 {'connection': &lt;DatabaseWrapper vendor='sqlite' alias='default'&gt;,
  'cursor': &lt;django.db.backends.utils.CursorWrapper object at 0x000002162D2EE2A0&gt;})
        params     = None
        self       = &lt;django.db.backends.utils.CursorWrapper object at 0x000002162D2EE2A0&gt;
        sql        = 'CREATE EXTENSION IF NOT EXISTS vector;'
C:\Users\matth\anaconda3\Lib\site-packages\django\db\backends\sqlite3\base.py:356: in execute
    return super().execute(query)
E   sqlite3.OperationalError: near "EXTENSION": syntax error
        __class__  = &lt;class 'django.db.backends.sqlite3.base.SQLiteCursorWrapper'&gt;
        params     = None
        query      = 'CREATE EXTENSION IF NOT EXISTS vector;'
        self       = &lt;django.db.backends.sqlite3.base.SQLiteCursorWrapper object at 0x000002162D1345F0&gt;

The above exception was the direct cause of the following exception:
C:\Users\matth\anaconda3\Lib\site-packages\pytest_django\fixtures.py:144: in django_db_setup
    db_cfg = setup_databases(
        django_db_blocker = &lt;pytest_django.plugin.DjangoDbBlocker object at 0x0000021627F40170&gt;
        django_db_createdb = False
        django_db_keepdb = True
        django_db_modify_db_settings = None
        django_db_use_migrations = True
        django_test_environment = None
        request    = &lt;SubRequest 'django_db_setup' for &lt;Function test_create_document_chunk&gt;&gt;
        setup_databases = &lt;function setup_databases at 0x000002162CDE93A0&gt;
        setup_databases_args = {'keepdb': True}
        teardown_databases = &lt;function teardown_databases at 0x000002162CDE9620&gt;
C:\Users\matth\anaconda3\Lib\site-packages\django\test\utils.py:204: in setup_databases
    connection.creation.create_test_db(
        alias      = 'default'
        aliases    = ['default']
        connection = &lt;DatabaseWrapper vendor='sqlite' alias='default'&gt;
        db_name    = ':memory:'
        debug_sql  = False
        first_alias = 'default'
        interactive = False
        keepdb     = True
        kwargs     = {}
        mirrored_aliases = {}
        old_names  = [(&lt;DatabaseWrapper vendor='sqlite' alias='default'&gt;, ':memory:', True)]
        parallel   = 0
        serialize_connections = []
        serialized_aliases = None
        test_databases = {(':memory:', 'default'): (':memory:', ['default'])}
        time_keeper = &lt;django.test.utils.NullTimeKeeper object at 0x000002162D157380&gt;
        verbosity  = 2
C:\Users\matth\anaconda3\Lib\site-packages\django\db\backends\base\creation.py:78: in create_test_db
    call_command(
        action     = 'Using existing'
        autoclobber = True
        call_command = &lt;function call_command at 0x000002162B111C60&gt;
        keepdb     = True
        self       = &lt;django.db.backends.sqlite3.creation.DatabaseCreation object at 0x000002162C6497C0&gt;
        serialize  = False
        test_database_name = 'file:memorydb_default?mode=memory&amp;cache=shared'
        verbosity  = 2
C:\Users\matth\anaconda3\Lib\site-packages\django\core\management\__init__.py:194: in call_command
    return command.execute(*args, **defaults)
        app_name   = 'django.core'
        arg_options = {'database': 'default',
 'interactive': False,
 'run_syncdb': True,
 'verbosity': 1}
        args       = ()
        command    = &lt;django.core.management.commands.migrate.Command object at 0x000002162D131BE0&gt;
        command_name = 'migrate'
        defaults   = {'app_label': None,
 'check_unapplied': False,
 'database': 'default',
 'fake': False,
 'fake_initial': False,
 'force_color': False,
 'interactive': False,
 'migration_name': None,
 'no_color': False,
 'plan': False,
 'prune': False,
 'pythonpath': None,
 'run_syncdb': True,
 'settings': None,
 'skip_checks': True,
 'traceback': False,
 'verbosity': 1}
        dest_parameters = {'app_label',
 'check_unapplied',
 'database',
 'fake',
 'fake_initial',
 'force_color',
 'help',
 'interactive',
 'migration_name',
 'no_color',
 'plan',
 'prune',
 'pythonpath',
 'run_syncdb',
 'settings',
 'skip_checks',
 'traceback',
 'verbosity',
 'version'}
        get_actions = &lt;function call_command.&lt;locals&gt;.get_actions at 0x000002162D1CA160&gt;
        mutually_exclusive_required_options = set()
        opt        = _StoreTrueAction(option_strings=['--prune'], dest='prune', nargs=0, const=True, default=False, type=None, choices=None, required=False, help='Delete nonexistent migrations from the django_migrations table.', metavar=None)
        opt_mapping = {'check': 'check_unapplied',
 'database': 'database',
 'fake': 'fake',
 'fake_initial': 'fake_initial',
 'force_color': 'force_color',
 'help': 'help',
 'no_color': 'no_color',
 'no_input': 'interactive',
 'plan': 'plan',
 'prune': 'prune',
 'pythonpath': 'pythonpath',
 'run_syncdb': 'run_syncdb',
 'settings': 'settings',
 'skip_checks': 'skip_checks',
 'traceback': 'traceback',
 'verbosity': 'verbosity',
 'version': 'version'}
        options    = {'database': 'default',
 'interactive': False,
 'run_syncdb': True,
 'verbosity': 1}
        parse_args = []
        parser     = CommandParser(prog=' migrate', usage=None, description='Updates database schema. Manages both apps with migrations and those without.', formatter_class=&lt;class 'django.core.management.base.DjangoHelpFormatter'&gt;, conflict_handler='error', add_help=True)
        parser_actions = [_HelpAction(option_strings=['-h', '--help'], dest='help', nargs=0, const=None, default='==SUPPRESS==', type=None, choices=None, required=False, help='show this help message and exit', metavar=None),
 _VersionAction(option_strings=['--version'], dest='version', nargs=0, const=None, default='==SUPPRESS==', type=None, choices=None, required=False, help="Show program's version number and exit.", metavar=None),
 _StoreAction(option_strings=['-v', '--verbosity'], dest='verbosity', nargs=None, const=None, default=1, type=&lt;class 'int'&gt;, choices=[0, 1, 2, 3], required=False, help='Verbosity level; 0=minimal output, 1=normal output, 2=verbose output, 3=very verbose output', metavar=None),
 _StoreAction(option_strings=['--settings'], dest='settings', nargs=None, const=None, default=None, type=None, choices=None, required=False, help='The Python path to a settings module, e.g. "myproject.settings.main". If this isn\'t provided, the DJANGO_SETTINGS_MODULE environment variable will be used.', metavar=None),
 _StoreAction(option_strings=['--pythonpath'], dest='pythonpath', nargs=None, const=None, default=None, type=None, choices=None, required=False, help='A directory to add to the Python path, e.g. "/home/djangoprojects/myproject".', metavar=None),
 _StoreTrueAction(option_strings=['--traceback'], dest='traceback', nargs=0, const=True, default=False, type=None, choices=None, required=False, help='Display a full stack trace on CommandError exceptions.', metavar=None),
 _StoreTrueAction(option_strings=['--no-color'], dest='no_color', nargs=0, const=True, default=False, type=None, choices=None, required=False, help="Don't colorize the command output.", metavar=None),
 _StoreTrueAction(option_strings=['--force-color'], dest='force_color', nargs=0, const=True, default=False, type=None, choices=None, required=False, help='Force colorization of the command output.', metavar=None),
 _StoreTrueAction(option_strings=['--skip-checks'], dest='skip_checks', nargs=0, const=True, default=False, type=None, choices=None, required=False, help='Skip system checks.', metavar=None),
 _StoreAction(option_strings=[], dest='app_label', nargs='?', const=None, default=None, type=None, choices=None, required=False, help='App label of an application to synchronize the state.', metavar=None),
 _StoreAction(option_strings=[], dest='migration_name', nargs='?', const=None, default=None, type=None, choices=None, required=False, help='Database state will be brought to the state after that migration. Use the name "zero" to unapply all migrations.', metavar=None),
 _StoreFalseAction(option_strings=['--noinput', '--no-input'], dest='interactive', nargs=0, const=False, default=True, type=None, choices=None, required=False, help='Tells Django to NOT prompt the user for input of any kind.', metavar=None),
 _StoreAction(option_strings=['--database'], dest='database', nargs=None, const=None, default='default', type=None, choices=('default',), required=False, help='Nominates a database to synchronize. Defaults to the "default" database.', metavar=None),
 _StoreTrueAction(option_strings=['--fake'], dest='fake', nargs=0, const=True, default=False, type=None, choices=None, required=False, help='Mark migrations as run without actually running them.', metavar=None),
 _StoreTrueAction(option_strings=['--fake-initial'], dest='fake_initial', nargs=0, const=True, default=False, type=None, choices=None, required=False, help='Detect if tables already exist and fake-apply initial migrations if so. Make sure that the current database schema matches your initial migration before using this flag. Django will only check for an existing table name.', metavar=None),
 _StoreTrueAction(option_strings=['--plan'], dest='plan', nargs=0, const=True, default=False, type=None, choices=None, required=False, help='Shows a list of the migration actions that will be performed.', metavar=None),
 _StoreTrueAction(option_strings=['--run-syncdb'], dest='run_syncdb', nargs=0, const=True, default=False, type=None, choices=None, required=False, help='Creates tables for apps without migrations.', metavar=None),
 _StoreTrueAction(option_strings=['--check'], dest='check_unapplied', nargs=0, const=True, default=False, type=None, choices=None, required=False, help='Exits with a non-zero status if unapplied migrations exist and does not actually apply migrations.', metavar=None),
 _StoreTrueAction(option_strings=['--prune'], dest='prune', nargs=0, const=True, default=False, type=None, choices=None, required=False, help='Delete nonexistent migrations from the django_migrations table.', metavar=None)]
        stealth_options = {'stderr', 'stdout'}
        unknown_options = set()
        valid_options = {'app_label',
 'check',
 'check_unapplied',
 'database',
 'fake',
 'fake_initial',
 'force_color',
 'help',
 'interactive',
 'migration_name',
 'no_color',
 'no_input',
 'plan',
 'prune',
 'pythonpath',
 'run_syncdb',
 'settings',
 'skip_checks',
 'stderr',
 'stdout',
 'traceback',
 'verbosity',
 'version'}
C:\Users\matth\anaconda3\Lib\site-packages\django\core\management\base.py:460: in execute
    output = self.handle(*args, **options)
        args       = ()
        options    = {'app_label': None,
 'check_unapplied': False,
 'database': 'default',
 'fake': False,
 'fake_initial': False,
 'force_color': False,
 'interactive': False,
 'migration_name': None,
 'no_color': False,
 'plan': False,
 'prune': False,
 'pythonpath': None,
 'run_syncdb': True,
 'settings': None,
 'skip_checks': True,
 'traceback': False,
 'verbosity': 1}
        self       = &lt;django.core.management.commands.migrate.Command object at 0x000002162D131BE0&gt;
C:\Users\matth\anaconda3\Lib\site-packages\django\core\management\base.py:107: in wrapper
    res = handle_func(*args, **kwargs)
        args       = (&lt;django.core.management.commands.migrate.Command object at 0x000002162D131BE0&gt;,)
        handle_func = &lt;function Command.handle at 0x000002162D1C9B20&gt;
        kwargs     = {'app_label': None,
 'check_unapplied': False,
 'database': 'default',
 'fake': False,
 'fake_initial': False,
 'force_color': False,
 'interactive': False,
 'migration_name': None,
 'no_color': False,
 'plan': False,
 'prune': False,
 'pythonpath': None,
 'run_syncdb': True,
 'settings': None,
 'skip_checks': True,
 'traceback': False,
 'verbosity': 1}
        saved_locale = 'en-us'
        translation = &lt;module 'django.utils.translation' from 'C:\\Users\\matth\\anaconda3\\Lib\\site-packages\\django\\utils\\translation\\__init__.py'&gt;
C:\Users\matth\anaconda3\Lib\site-packages\django\core\management\commands\migrate.py:353: in handle
    post_migrate_state = executor.migrate(
        app_config = &lt;AssistConfig: assist&gt;
        args       = ()
        conflicts  = {}
        connection = &lt;DatabaseWrapper vendor='sqlite' alias='default'&gt;
        database   = 'default'
        executor   = &lt;django.db.migrations.executor.MigrationExecutor object at 0x000002162D178260&gt;
        fake       = False
        fake_initial = False
        options    = {'app_label': None,
 'check_unapplied': False,
 'database': 'default',
 'fake': False,
 'fake_initial': False,
 'force_color': False,
 'interactive': False,
 'migration_name': None,
 'no_color': False,
 'plan': False,
 'prune': False,
 'pythonpath': None,
 'run_syncdb': True,
 'settings': None,
 'skip_checks': True,
 'traceback': False,
 'verbosity': 1}
        plan       = [(&lt;Migration contenttypes.0001_initial&gt;, False),
 (&lt;Migration auth.0001_initial&gt;, False),
 (&lt;Migration admin.0001_initial&gt;, False),
 (&lt;Migration admin.0002_logentry_remove_auto_add&gt;, False),
 (&lt;Migration admin.0003_logentry_add_action_flag_choices&gt;, False),
 (&lt;Migration teachersManagement.0001_initial&gt;, False),
 (&lt;Migration teachersManagement.0002_teacherprofile&gt;, False),
 (&lt;Migration teachersManagement.0003_delete_teacher&gt;, False),
 (&lt;Migration lesson_management.0001_initial&gt;, False),
 (&lt;Migration assist.0001_enable_pgvector&gt;, False),
 (&lt;Migration assist.0002_initial_models&gt;, False),
 (&lt;Migration assist.0003_vector_index&gt;, False),
 (&lt;Migration assist.0004_rename_assist_docu_lesson__a1b2c3_idx_assist_docu_lesson__9efbd5_idx_and_more&gt;,
  False),
 (&lt;Migration contenttypes.0002_remove_content_type_name&gt;, False),
 (&lt;Migration auth.0002_alter_permission_name_max_length&gt;, False),
 (&lt;Migration auth.0003_alter_user_email_max_length&gt;, False),
 (&lt;Migration auth.0004_alter_user_username_opts&gt;, False),
 (&lt;Migration auth.0005_alter_user_last_login_null&gt;, False),
 (&lt;Migration auth.0006_require_contenttypes_0002&gt;, False),
 (&lt;Migration auth.0007_alter_validators_add_error_messages&gt;, False),
 (&lt;Migration auth.0008_alter_user_username_max_length&gt;, False),
 (&lt;Migration auth.0009_alter_user_last_name_max_length&gt;, False),
 (&lt;Migration auth.0010_alter_group_name_max_length&gt;, False),
 (&lt;Migration auth.0011_update_proxy_permissions&gt;, False),
 (&lt;Migration auth.0012_alter_user_first_name_max_length&gt;, False),
 (&lt;Migration teachersManagement.0004_add_teacher_display_fields&gt;, False),
 (&lt;Migration student_management.0001_initial&gt;, False),
 (&lt;Migration student_management.0002_alter_managecreditpoint_student&gt;, False),
 (&lt;Migration student_management.0003_student_user&gt;, False),
 (&lt;Migration student_management.0004_remove_student_is_active&gt;, False),
 (&lt;Migration student_management.0005_enrollmentsequence_alter_student_course_and_more&gt;,
  False),
 (&lt;Migration lesson_management.0002_lessonenrollment&gt;, False),
 (&lt;Migration lesson_management.0003_lesson_youtube_link_lesson_youtube_thumbnail_and_more&gt;,
  False),
 (&lt;Migration course_management.0001_initial&gt;, False),
 (&lt;Migration course_management.0002_alter_course_status&gt;, False),
 (&lt;Migration course_management.0003_course_total_credits_required&gt;, False),
 (&lt;Migration course_management.0004_courselesson&gt;, False),
 (&lt;Migration classroom_and_grading.0001_initial&gt;, False),
 (&lt;Migration classroom_and_grading.0002_alter_classroomstudent_options_and_more&gt;,
  False),
 (&lt;Migration classroom_and_grading.0003_alter_classroomstudent_options&gt;, False),
 (&lt;Migration classroom_and_grading.0004_remove_classroom_duration_days_and_more&gt;,
  False),
 (&lt;Migration classroom_and_grading.0005_populate_end_date&gt;, False),
 (&lt;Migration classroom_and_grading.0006_classroom_end_date&gt;, False),
 (&lt;Migration classroom_and_grading.0007_alter_classroom_end_date&gt;, False),
 (&lt;Migration classroom_and_grading.0008_assignmentgrade&gt;, False),
 (&lt;Migration classroom_and_grading.0009_make_assignmentgrade_fields_nullable&gt;,
  False),
 (&lt;Migration course_management.0005_course_lessons&gt;, False),
 (&lt;Migration course_management.0005_alter_course_options_and_more&gt;, False),
 (&lt;Migration course_management.0006_merge_20251003_2125&gt;, False),
 (&lt;Migration course_management.0006_course_director&gt;, False),
 (&lt;Migration course_management.0007_merge_0006_course_director_0006_merge_20251003_2125&gt;,
  False),
 (&lt;Migration course_management.0008_course_director_name&gt;, False),
 (&lt;Migration lesson_management.0004_readinglistprogress_videoprogress&gt;, False),
 (&lt;Migration lesson_management.0004_assignmentattachment&gt;, False),
 (&lt;Migration lesson_management.0005_merge_20251007_1420&gt;, False),
 (&lt;Migration lesson_management.0006_alter_lesson_youtube_thumbnail&gt;, False),
 (&lt;Migration lesson_management.0007_assignmentsubmission&gt;, False),
 (&lt;Migration lesson_management.0008_assignment_pdf_assignment_weightage&gt;,
  False),
 (&lt;Migration sessions.0001_initial&gt;, False),
 (&lt;Migration social_django.0001_initial&gt;, False),
 (&lt;Migration social_django.0002_add_related_name&gt;, False),
 (&lt;Migration social_django.0003_alter_email_max_length&gt;, False),
 (&lt;Migration social_django.0004_auto_20160423_0400&gt;, False),
 (&lt;Migration social_django.0005_auto_20160727_2333&gt;, False),
 (&lt;Migration social_django.0006_partial&gt;, False),
 (&lt;Migration social_django.0007_code_timestamp&gt;, False),
 (&lt;Migration social_django.0008_partial_timestamp&gt;, False),
 (&lt;Migration social_django.0009_auto_20191118_0520&gt;, False),
 (&lt;Migration social_django.0010_uid_db_index&gt;, False),
 (&lt;Migration social_django.0011_alter_id_fields&gt;, False),
 (&lt;Migration social_django.0012_usersocialauth_extra_data_new&gt;, False),
 (&lt;Migration social_django.0013_migrate_extra_data&gt;, False),
 (&lt;Migration social_django.0014_remove_usersocialauth_extra_data&gt;, False),
 (&lt;Migration social_django.0015_rename_extra_data_new_usersocialauth_extra_data&gt;,
  False),
 (&lt;Migration social_django.0016_alter_usersocialauth_extra_data&gt;, False),
 (&lt;Migration welcome_page.0001_initial&gt;, False)]
        pre_migrate_apps = &lt;django.db.migrations.state.StateApps object at 0x000002162CB38E30&gt;
        pre_migrate_state = &lt;django.db.migrations.state.ProjectState object at 0x000002162D178590&gt;
        run_syncdb = {'staticfiles', 'messages'}
        self       = &lt;django.core.management.commands.migrate.Command object at 0x000002162D131BE0&gt;
        target_app_labels_only = True
        targets    = [('admin', '0003_logentry_add_action_flag_choices'),
 ('assist',
  '0004_rename_assist_docu_lesson__a1b2c3_idx_assist_docu_lesson__9efbd5_idx_and_more'),
 ('auth', '0012_alter_user_first_name_max_length'),
 ('classroom_and_grading', '0009_make_assignmentgrade_fields_nullable'),
 ('contenttypes', '0002_remove_content_type_name'),
 ('course_management', '0008_course_director_name'),
 ('lesson_management', '0008_assignment_pdf_assignment_weightage'),
 ('sessions', '0001_initial'),
 ('social_django', '0016_alter_usersocialauth_extra_data'),
 ('student_management',
  '0005_enrollmentsequence_alter_student_course_and_more'),
 ('teachersManagement', '0004_add_teacher_display_fields'),
 ('welcome_page', '0001_initial')]
C:\Users\matth\anaconda3\Lib\site-packages\django\db\migrations\executor.py:135: in migrate
    state = self._migrate_all_forwards(
        all_backwards = False
        all_forwards = True
        fake       = False
        fake_initial = False
        full_plan  = [(&lt;Migration contenttypes.0001_initial&gt;, False),
 (&lt;Migration auth.0001_initial&gt;, False),
 (&lt;Migration admin.0001_initial&gt;, False),
 (&lt;Migration admin.0002_logentry_remove_auto_add&gt;, False),
 (&lt;Migration admin.0003_logentry_add_action_flag_choices&gt;, False),
 (&lt;Migration teachersManagement.0001_initial&gt;, False),
 (&lt;Migration teachersManagement.0002_teacherprofile&gt;, False),
 (&lt;Migration teachersManagement.0003_delete_teacher&gt;, False),
 (&lt;Migration lesson_management.0001_initial&gt;, False),
 (&lt;Migration assist.0001_enable_pgvector&gt;, False),
 (&lt;Migration assist.0002_initial_models&gt;, False),
 (&lt;Migration assist.0003_vector_index&gt;, False),
 (&lt;Migration assist.0004_rename_assist_docu_lesson__a1b2c3_idx_assist_docu_lesson__9efbd5_idx_and_more&gt;,
  False),
 (&lt;Migration contenttypes.0002_remove_content_type_name&gt;, False),
 (&lt;Migration auth.0002_alter_permission_name_max_length&gt;, False),
 (&lt;Migration auth.0003_alter_user_email_max_length&gt;, False),
 (&lt;Migration auth.0004_alter_user_username_opts&gt;, False),
 (&lt;Migration auth.0005_alter_user_last_login_null&gt;, False),
 (&lt;Migration auth.0006_require_contenttypes_0002&gt;, False),
 (&lt;Migration auth.0007_alter_validators_add_error_messages&gt;, False),
 (&lt;Migration auth.0008_alter_user_username_max_length&gt;, False),
 (&lt;Migration auth.0009_alter_user_last_name_max_length&gt;, False),
 (&lt;Migration auth.0010_alter_group_name_max_length&gt;, False),
 (&lt;Migration auth.0011_update_proxy_permissions&gt;, False),
 (&lt;Migration auth.0012_alter_user_first_name_max_length&gt;, False),
 (&lt;Migration teachersManagement.0004_add_teacher_display_fields&gt;, False),
 (&lt;Migration student_management.0001_initial&gt;, False),
 (&lt;Migration student_management.0002_alter_managecreditpoint_student&gt;, False),
 (&lt;Migration student_management.0003_student_user&gt;, False),
 (&lt;Migration student_management.0004_remove_student_is_active&gt;, False),
 (&lt;Migration student_management.0005_enrollmentsequence_alter_student_course_and_more&gt;,
  False),
 (&lt;Migration lesson_management.0002_lessonenrollment&gt;, False),
 (&lt;Migration lesson_management.0003_lesson_youtube_link_lesson_youtube_thumbnail_and_more&gt;,
  False),
 (&lt;Migration course_management.0001_initial&gt;, False),
 (&lt;Migration course_management.0002_alter_course_status&gt;, False),
 (&lt;Migration course_management.0003_course_total_credits_required&gt;, False),
 (&lt;Migration course_management.0004_courselesson&gt;, False),
 (&lt;Migration classroom_and_grading.0001_initial&gt;, False),
 (&lt;Migration classroom_and_grading.0002_alter_classroomstudent_options_and_more&gt;,
  False),
 (&lt;Migration classroom_and_grading.0003_alter_classroomstudent_options&gt;, False),
 (&lt;Migration classroom_and_grading.0004_remove_classroom_duration_days_and_more&gt;,
  False),
 (&lt;Migration classroom_and_grading.0005_populate_end_date&gt;, False),
 (&lt;Migration classroom_and_grading.0006_classroom_end_date&gt;, False),
 (&lt;Migration classroom_and_grading.0007_alter_classroom_end_date&gt;, False),
 (&lt;Migration classroom_and_grading.0008_assignmentgrade&gt;, False),
 (&lt;Migration classroom_and_grading.0009_make_assignmentgrade_fields_nullable&gt;,
  False),
 (&lt;Migration course_management.0005_course_lessons&gt;, False),
 (&lt;Migration course_management.0005_alter_course_options_and_more&gt;, False),
 (&lt;Migration course_management.0006_merge_20251003_2125&gt;, False),
 (&lt;Migration course_management.0006_course_director&gt;, False),
 (&lt;Migration course_management.0007_merge_0006_course_director_0006_merge_20251003_2125&gt;,
  False),
 (&lt;Migration course_management.0008_course_director_name&gt;, False),
 (&lt;Migration lesson_management.0004_readinglistprogress_videoprogress&gt;, False),
 (&lt;Migration lesson_management.0004_assignmentattachment&gt;, False),
 (&lt;Migration lesson_management.0005_merge_20251007_1420&gt;, False),
 (&lt;Migration lesson_management.0006_alter_lesson_youtube_thumbnail&gt;, False),
 (&lt;Migration lesson_management.0007_assignmentsubmission&gt;, False),
 (&lt;Migration lesson_management.0008_assignment_pdf_assignment_weightage&gt;,
  False),
 (&lt;Migration sessions.0001_initial&gt;, False),
 (&lt;Migration social_django.0001_initial&gt;, False),
 (&lt;Migration social_django.0002_add_related_name&gt;, False),
 (&lt;Migration social_django.0003_alter_email_max_length&gt;, False),
 (&lt;Migration social_django.0004_auto_20160423_0400&gt;, False),
 (&lt;Migration social_django.0005_auto_20160727_2333&gt;, False),
 (&lt;Migration social_django.0006_partial&gt;, False),
 (&lt;Migration social_django.0007_code_timestamp&gt;, False),
 (&lt;Migration social_django.0008_partial_timestamp&gt;, False),
 (&lt;Migration social_django.0009_auto_20191118_0520&gt;, False),
 (&lt;Migration social_django.0010_uid_db_index&gt;, False),
 (&lt;Migration social_django.0011_alter_id_fields&gt;, False),
 (&lt;Migration social_django.0012_usersocialauth_extra_data_new&gt;, False),
 (&lt;Migration social_django.0013_migrate_extra_data&gt;, False),
 (&lt;Migration social_django.0014_remove_usersocialauth_extra_data&gt;, False),
 (&lt;Migration social_django.0015_rename_extra_data_new_usersocialauth_extra_data&gt;,
  False),
 (&lt;Migration social_django.0016_alter_usersocialauth_extra_data&gt;, False),
 (&lt;Migration welcome_page.0001_initial&gt;, False)]
        plan       = [(&lt;Migration contenttypes.0001_initial&gt;, False),
 (&lt;Migration auth.0001_initial&gt;, False),
 (&lt;Migration admin.0001_initial&gt;, False),
 (&lt;Migration admin.0002_logentry_remove_auto_add&gt;, False),
 (&lt;Migration admin.0003_logentry_add_action_flag_choices&gt;, False),
 (&lt;Migration teachersManagement.0001_initial&gt;, False),
 (&lt;Migration teachersManagement.0002_teacherprofile&gt;, False),
 (&lt;Migration teachersManagement.0003_delete_teacher&gt;, False),
 (&lt;Migration lesson_management.0001_initial&gt;, False),
 (&lt;Migration assist.0001_enable_pgvector&gt;, False),
 (&lt;Migration assist.0002_initial_models&gt;, False),
 (&lt;Migration assist.0003_vector_index&gt;, False),
 (&lt;Migration assist.0004_rename_assist_docu_lesson__a1b2c3_idx_assist_docu_lesson__9efbd5_idx_and_more&gt;,
  False),
 (&lt;Migration contenttypes.0002_remove_content_type_name&gt;, False),
 (&lt;Migration auth.0002_alter_permission_name_max_length&gt;, False),
 (&lt;Migration auth.0003_alter_user_email_max_length&gt;, False),
 (&lt;Migration auth.0004_alter_user_username_opts&gt;, False),
 (&lt;Migration auth.0005_alter_user_last_login_null&gt;, False),
 (&lt;Migration auth.0006_require_contenttypes_0002&gt;, False),
 (&lt;Migration auth.0007_alter_validators_add_error_messages&gt;, False),
 (&lt;Migration auth.0008_alter_user_username_max_length&gt;, False),
 (&lt;Migration auth.0009_alter_user_last_name_max_length&gt;, False),
 (&lt;Migration auth.0010_alter_group_name_max_length&gt;, False),
 (&lt;Migration auth.0011_update_proxy_permissions&gt;, False),
 (&lt;Migration auth.0012_alter_user_first_name_max_length&gt;, False),
 (&lt;Migration teachersManagement.0004_add_teacher_display_fields&gt;, False),
 (&lt;Migration student_management.0001_initial&gt;, False),
 (&lt;Migration student_management.0002_alter_managecreditpoint_student&gt;, False),
 (&lt;Migration student_management.0003_student_user&gt;, False),
 (&lt;Migration student_management.0004_remove_student_is_active&gt;, False),
 (&lt;Migration student_management.0005_enrollmentsequence_alter_student_course_and_more&gt;,
  False),
 (&lt;Migration lesson_management.0002_lessonenrollment&gt;, False),
 (&lt;Migration lesson_management.0003_lesson_youtube_link_lesson_youtube_thumbnail_and_more&gt;,
  False),
 (&lt;Migration course_management.0001_initial&gt;, False),
 (&lt;Migration course_management.0002_alter_course_status&gt;, False),
 (&lt;Migration course_management.0003_course_total_credits_required&gt;, False),
 (&lt;Migration course_management.0004_courselesson&gt;, False),
 (&lt;Migration classroom_and_grading.0001_initial&gt;, False),
 (&lt;Migration classroom_and_grading.0002_alter_classroomstudent_options_and_more&gt;,
  False),
 (&lt;Migration classroom_and_grading.0003_alter_classroomstudent_options&gt;, False),
 (&lt;Migration classroom_and_grading.0004_remove_classroom_duration_days_and_more&gt;,
  False),
 (&lt;Migration classroom_and_grading.0005_populate_end_date&gt;, False),
 (&lt;Migration classroom_and_grading.0006_classroom_end_date&gt;, False),
 (&lt;Migration classroom_and_grading.0007_alter_classroom_end_date&gt;, False),
 (&lt;Migration classroom_and_grading.0008_assignmentgrade&gt;, False),
 (&lt;Migration classroom_and_grading.0009_make_assignmentgrade_fields_nullable&gt;,
  False),
 (&lt;Migration course_management.0005_course_lessons&gt;, False),
 (&lt;Migration course_management.0005_alter_course_options_and_more&gt;, False),
 (&lt;Migration course_management.0006_merge_20251003_2125&gt;, False),
 (&lt;Migration course_management.0006_course_director&gt;, False),
 (&lt;Migration course_management.0007_merge_0006_course_director_0006_merge_20251003_2125&gt;,
  False),
 (&lt;Migration course_management.0008_course_director_name&gt;, False),
 (&lt;Migration lesson_management.0004_readinglistprogress_videoprogress&gt;, False),
 (&lt;Migration lesson_management.0004_assignmentattachment&gt;, False),
 (&lt;Migration lesson_management.0005_merge_20251007_1420&gt;, False),
 (&lt;Migration lesson_management.0006_alter_lesson_youtube_thumbnail&gt;, False),
 (&lt;Migration lesson_management.0007_assignmentsubmission&gt;, False),
 (&lt;Migration lesson_management.0008_assignment_pdf_assignment_weightage&gt;,
  False),
 (&lt;Migration sessions.0001_initial&gt;, False),
 (&lt;Migration social_django.0001_initial&gt;, False),
 (&lt;Migration social_django.0002_add_related_name&gt;, False),
 (&lt;Migration social_django.0003_alter_email_max_length&gt;, False),
 (&lt;Migration social_django.0004_auto_20160423_0400&gt;, False),
 (&lt;Migration social_django.0005_auto_20160727_2333&gt;, False),
 (&lt;Migration social_django.0006_partial&gt;, False),
 (&lt;Migration social_django.0007_code_timestamp&gt;, False),
 (&lt;Migration social_django.0008_partial_timestamp&gt;, False),
 (&lt;Migration social_django.0009_auto_20191118_0520&gt;, False),
 (&lt;Migration social_django.0010_uid_db_index&gt;, False),
 (&lt;Migration social_django.0011_alter_id_fields&gt;, False),
 (&lt;Migration social_django.0012_usersocialauth_extra_data_new&gt;, False),
 (&lt;Migration social_django.0013_migrate_extra_data&gt;, False),
 (&lt;Migration social_django.0014_remove_usersocialauth_extra_data&gt;, False),
 (&lt;Migration social_django.0015_rename_extra_data_new_usersocialauth_extra_data&gt;,
  False),
 (&lt;Migration social_django.0016_alter_usersocialauth_extra_data&gt;, False),
 (&lt;Migration welcome_page.0001_initial&gt;, False)]
        self       = &lt;django.db.migrations.executor.MigrationExecutor object at 0x000002162D178260&gt;
        state      = &lt;django.db.migrations.state.ProjectState object at 0x000002162CC37A70&gt;
        targets    = [('admin', '0003_logentry_add_action_flag_choices'),
 ('assist',
  '0004_rename_assist_docu_lesson__a1b2c3_idx_assist_docu_lesson__9efbd5_idx_and_more'),
 ('auth', '0012_alter_user_first_name_max_length'),
 ('classroom_and_grading', '0009_make_assignmentgrade_fields_nullable'),
 ('contenttypes', '0002_remove_content_type_name'),
 ('course_management', '0008_course_director_name'),
 ('lesson_management', '0008_assignment_pdf_assignment_weightage'),
 ('sessions', '0001_initial'),
 ('social_django', '0016_alter_usersocialauth_extra_data'),
 ('student_management',
  '0005_enrollmentsequence_alter_student_course_and_more'),
 ('teachersManagement', '0004_add_teacher_display_fields'),
 ('welcome_page', '0001_initial')]
C:\Users\matth\anaconda3\Lib\site-packages\django\db\migrations\executor.py:167: in _migrate_all_forwards
    state = self.apply_migration(
        _          = False
        fake       = False
        fake_initial = False
        full_plan  = [(&lt;Migration contenttypes.0001_initial&gt;, False),
 (&lt;Migration auth.0001_initial&gt;, False),
 (&lt;Migration admin.0001_initial&gt;, False),
 (&lt;Migration admin.0002_logentry_remove_auto_add&gt;, False),
 (&lt;Migration admin.0003_logentry_add_action_flag_choices&gt;, False),
 (&lt;Migration teachersManagement.0001_initial&gt;, False),
 (&lt;Migration teachersManagement.0002_teacherprofile&gt;, False),
 (&lt;Migration teachersManagement.0003_delete_teacher&gt;, False),
 (&lt;Migration lesson_management.0001_initial&gt;, False),
 (&lt;Migration assist.0001_enable_pgvector&gt;, False),
 (&lt;Migration assist.0002_initial_models&gt;, False),
 (&lt;Migration assist.0003_vector_index&gt;, False),
 (&lt;Migration assist.0004_rename_assist_docu_lesson__a1b2c3_idx_assist_docu_lesson__9efbd5_idx_and_more&gt;,
  False),
 (&lt;Migration contenttypes.0002_remove_content_type_name&gt;, False),
 (&lt;Migration auth.0002_alter_permission_name_max_length&gt;, False),
 (&lt;Migration auth.0003_alter_user_email_max_length&gt;, False),
 (&lt;Migration auth.0004_alter_user_username_opts&gt;, False),
 (&lt;Migration auth.0005_alter_user_last_login_null&gt;, False),
 (&lt;Migration auth.0006_require_contenttypes_0002&gt;, False),
 (&lt;Migration auth.0007_alter_validators_add_error_messages&gt;, False),
 (&lt;Migration auth.0008_alter_user_username_max_length&gt;, False),
 (&lt;Migration auth.0009_alter_user_last_name_max_length&gt;, False),
 (&lt;Migration auth.0010_alter_group_name_max_length&gt;, False),
 (&lt;Migration auth.0011_update_proxy_permissions&gt;, False),
 (&lt;Migration auth.0012_alter_user_first_name_max_length&gt;, False),
 (&lt;Migration teachersManagement.0004_add_teacher_display_fields&gt;, False),
 (&lt;Migration student_management.0001_initial&gt;, False),
 (&lt;Migration student_management.0002_alter_managecreditpoint_student&gt;, False),
 (&lt;Migration student_management.0003_student_user&gt;, False),
 (&lt;Migration student_management.0004_remove_student_is_active&gt;, False),
 (&lt;Migration student_management.0005_enrollmentsequence_alter_student_course_and_more&gt;,
  False),
 (&lt;Migration lesson_management.0002_lessonenrollment&gt;, False),
 (&lt;Migration lesson_management.0003_lesson_youtube_link_lesson_youtube_thumbnail_and_more&gt;,
  False),
 (&lt;Migration course_management.0001_initial&gt;, False),
 (&lt;Migration course_management.0002_alter_course_status&gt;, False),
 (&lt;Migration course_management.0003_course_total_credits_required&gt;, False),
 (&lt;Migration course_management.0004_courselesson&gt;, False),
 (&lt;Migration classroom_and_grading.0001_initial&gt;, False),
 (&lt;Migration classroom_and_grading.0002_alter_classroomstudent_options_and_more&gt;,
  False),
 (&lt;Migration classroom_and_grading.0003_alter_classroomstudent_options&gt;, False),
 (&lt;Migration classroom_and_grading.0004_remove_classroom_duration_days_and_more&gt;,
  False),
 (&lt;Migration classroom_and_grading.0005_populate_end_date&gt;, False),
 (&lt;Migration classroom_and_grading.0006_classroom_end_date&gt;, False),
 (&lt;Migration classroom_and_grading.0007_alter_classroom_end_date&gt;, False),
 (&lt;Migration classroom_and_grading.0008_assignmentgrade&gt;, False),
 (&lt;Migration classroom_and_grading.0009_make_assignmentgrade_fields_nullable&gt;,
  False),
 (&lt;Migration course_management.0005_course_lessons&gt;, False),
 (&lt;Migration course_management.0005_alter_course_options_and_more&gt;, False),
 (&lt;Migration course_management.0006_merge_20251003_2125&gt;, False),
 (&lt;Migration course_management.0006_course_director&gt;, False),
 (&lt;Migration course_management.0007_merge_0006_course_director_0006_merge_20251003_2125&gt;,
  False),
 (&lt;Migration course_management.0008_course_director_name&gt;, False),
 (&lt;Migration lesson_management.0004_readinglistprogress_videoprogress&gt;, False),
 (&lt;Migration lesson_management.0004_assignmentattachment&gt;, False),
 (&lt;Migration lesson_management.0005_merge_20251007_1420&gt;, False),
 (&lt;Migration lesson_management.0006_alter_lesson_youtube_thumbnail&gt;, False),
 (&lt;Migration lesson_management.0007_assignmentsubmission&gt;, False),
 (&lt;Migration lesson_management.0008_assignment_pdf_assignment_weightage&gt;,
  False),
 (&lt;Migration sessions.0001_initial&gt;, False),
 (&lt;Migration social_django.0001_initial&gt;, False),
 (&lt;Migration social_django.0002_add_related_name&gt;, False),
 (&lt;Migration social_django.0003_alter_email_max_length&gt;, False),
 (&lt;Migration social_django.0004_auto_20160423_0400&gt;, False),
 (&lt;Migration social_django.0005_auto_20160727_2333&gt;, False),
 (&lt;Migration social_django.0006_partial&gt;, False),
 (&lt;Migration social_django.0007_code_timestamp&gt;, False),
 (&lt;Migration social_django.0008_partial_timestamp&gt;, False),
 (&lt;Migration social_django.0009_auto_20191118_0520&gt;, False),
 (&lt;Migration social_django.0010_uid_db_index&gt;, False),
 (&lt;Migration social_django.0011_alter_id_fields&gt;, False),
 (&lt;Migration social_django.0012_usersocialauth_extra_data_new&gt;, False),
 (&lt;Migration social_django.0013_migrate_extra_data&gt;, False),
 (&lt;Migration social_django.0014_remove_usersocialauth_extra_data&gt;, False),
 (&lt;Migration social_django.0015_rename_extra_data_new_usersocialauth_extra_data&gt;,
  False),
 (&lt;Migration social_django.0016_alter_usersocialauth_extra_data&gt;, False),
 (&lt;Migration welcome_page.0001_initial&gt;, False)]
        migration  = &lt;Migration assist.0001_enable_pgvector&gt;
        migrations_to_run = {&lt;Migration assist.0001_enable_pgvector&gt;,
 &lt;Migration assist.0002_initial_models&gt;,
 &lt;Migration assist.0003_vector_index&gt;,
 &lt;Migration assist.0004_rename_assist_docu_lesson__a1b2c3_idx_assist_docu_lesson__9efbd5_idx_and_more&gt;,
 &lt;Migration classroom_and_grading.0001_initial&gt;,
 &lt;Migration classroom_and_grading.0002_alter_classroomstudent_options_and_more&gt;,
 &lt;Migration classroom_and_grading.0003_alter_classroomstudent_options&gt;,
 &lt;Migration classroom_and_grading.0004_remove_classroom_duration_days_and_more&gt;,
 &lt;Migration classroom_and_grading.0005_populate_end_date&gt;,
 &lt;Migration classroom_and_grading.0006_classroom_end_date&gt;,
 &lt;Migration classroom_and_grading.0007_alter_classroom_end_date&gt;,
 &lt;Migration classroom_and_grading.0008_assignmentgrade&gt;,
 &lt;Migration classroom_and_grading.0009_make_assignmentgrade_fields_nullable&gt;,
 &lt;Migration course_management.0001_initial&gt;,
 &lt;Migration course_management.0002_alter_course_status&gt;,
 &lt;Migration course_management.0003_course_total_credits_required&gt;,
 &lt;Migration course_management.0004_courselesson&gt;,
 &lt;Migration course_management.0005_alter_course_options_and_more&gt;,
 &lt;Migration course_management.0005_course_lessons&gt;,
 &lt;Migration course_management.0006_course_director&gt;,
 &lt;Migration course_management.0006_merge_20251003_2125&gt;,
 &lt;Migration course_management.0007_merge_0006_course_director_0006_merge_20251003_2125&gt;,
 &lt;Migration course_management.0008_course_director_name&gt;,
 &lt;Migration auth.0002_alter_permission_name_max_length&gt;,
 &lt;Migration auth.0003_alter_user_email_max_length&gt;,
 &lt;Migration auth.0004_alter_user_username_opts&gt;,
 &lt;Migration auth.0005_alter_user_last_login_null&gt;,
 &lt;Migration auth.0006_require_contenttypes_0002&gt;,
 &lt;Migration auth.0007_alter_validators_add_error_messages&gt;,
 &lt;Migration auth.0008_alter_user_username_max_length&gt;,
 &lt;Migration auth.0009_alter_user_last_name_max_length&gt;,
 &lt;Migration auth.0010_alter_group_name_max_length&gt;,
 &lt;Migration auth.0011_update_proxy_permissions&gt;,
 &lt;Migration auth.0012_alter_user_first_name_max_length&gt;,
 &lt;Migration contenttypes.0002_remove_content_type_name&gt;,
 &lt;Migration sessions.0001_initial&gt;,
 &lt;Migration lesson_management.0002_lessonenrollment&gt;,
 &lt;Migration lesson_management.0003_lesson_youtube_link_lesson_youtube_thumbnail_and_more&gt;,
 &lt;Migration lesson_management.0004_assignmentattachment&gt;,
 &lt;Migration lesson_management.0004_readinglistprogress_videoprogress&gt;,
 &lt;Migration lesson_management.0005_merge_20251007_1420&gt;,
 &lt;Migration lesson_management.0006_alter_lesson_youtube_thumbnail&gt;,
 &lt;Migration lesson_management.0007_assignmentsubmission&gt;,
 &lt;Migration lesson_management.0008_assignment_pdf_assignment_weightage&gt;,
 &lt;Migration social_django.0001_initial&gt;,
 &lt;Migration social_django.0002_add_related_name&gt;,
 &lt;Migration social_django.0003_alter_email_max_length&gt;,
 &lt;Migration social_django.0004_auto_20160423_0400&gt;,
 &lt;Migration social_django.0005_auto_20160727_2333&gt;,
 &lt;Migration social_django.0006_partial&gt;,
 &lt;Migration social_django.0007_code_timestamp&gt;,
 &lt;Migration social_django.0008_partial_timestamp&gt;,
 &lt;Migration social_django.0009_auto_20191118_0520&gt;,
 &lt;Migration social_django.0010_uid_db_index&gt;,
 &lt;Migration social_django.0011_alter_id_fields&gt;,
 &lt;Migration social_django.0012_usersocialauth_extra_data_new&gt;,
 &lt;Migration social_django.0013_migrate_extra_data&gt;,
 &lt;Migration social_django.0014_remove_usersocialauth_extra_data&gt;,
 &lt;Migration social_django.0015_rename_extra_data_new_usersocialauth_extra_data&gt;,
 &lt;Migration social_django.0016_alter_usersocialauth_extra_data&gt;,
 &lt;Migration student_management.0001_initial&gt;,
 &lt;Migration student_management.0002_alter_managecreditpoint_student&gt;,
 &lt;Migration student_management.0003_student_user&gt;,
 &lt;Migration student_management.0004_remove_student_is_active&gt;,
 &lt;Migration student_management.0005_enrollmentsequence_alter_student_course_and_more&gt;,
 &lt;Migration teachersManagement.0004_add_teacher_display_fields&gt;,
 &lt;Migration welcome_page.0001_initial&gt;}
        plan       = [(&lt;Migration contenttypes.0001_initial&gt;, False),
 (&lt;Migration auth.0001_initial&gt;, False),
 (&lt;Migration admin.0001_initial&gt;, False),
 (&lt;Migration admin.0002_logentry_remove_auto_add&gt;, False),
 (&lt;Migration admin.0003_logentry_add_action_flag_choices&gt;, False),
 (&lt;Migration teachersManagement.0001_initial&gt;, False),
 (&lt;Migration teachersManagement.0002_teacherprofile&gt;, False),
 (&lt;Migration teachersManagement.0003_delete_teacher&gt;, False),
 (&lt;Migration lesson_management.0001_initial&gt;, False),
 (&lt;Migration assist.0001_enable_pgvector&gt;, False),
 (&lt;Migration assist.0002_initial_models&gt;, False),
 (&lt;Migration assist.0003_vector_index&gt;, False),
 (&lt;Migration assist.0004_rename_assist_docu_lesson__a1b2c3_idx_assist_docu_lesson__9efbd5_idx_and_more&gt;,
  False),
 (&lt;Migration contenttypes.0002_remove_content_type_name&gt;, False),
 (&lt;Migration auth.0002_alter_permission_name_max_length&gt;, False),
 (&lt;Migration auth.0003_alter_user_email_max_length&gt;, False),
 (&lt;Migration auth.0004_alter_user_username_opts&gt;, False),
 (&lt;Migration auth.0005_alter_user_last_login_null&gt;, False),
 (&lt;Migration auth.0006_require_contenttypes_0002&gt;, False),
 (&lt;Migration auth.0007_alter_validators_add_error_messages&gt;, False),
 (&lt;Migration auth.0008_alter_user_username_max_length&gt;, False),
 (&lt;Migration auth.0009_alter_user_last_name_max_length&gt;, False),
 (&lt;Migration auth.0010_alter_group_name_max_length&gt;, False),
 (&lt;Migration auth.0011_update_proxy_permissions&gt;, False),
 (&lt;Migration auth.0012_alter_user_first_name_max_length&gt;, False),
 (&lt;Migration teachersManagement.0004_add_teacher_display_fields&gt;, False),
 (&lt;Migration student_management.0001_initial&gt;, False),
 (&lt;Migration student_management.0002_alter_managecreditpoint_student&gt;, False),
 (&lt;Migration student_management.0003_student_user&gt;, False),
 (&lt;Migration student_management.0004_remove_student_is_active&gt;, False),
 (&lt;Migration student_management.0005_enrollmentsequence_alter_student_course_and_more&gt;,
  False),
 (&lt;Migration lesson_management.0002_lessonenrollment&gt;, False),
 (&lt;Migration lesson_management.0003_lesson_youtube_link_lesson_youtube_thumbnail_and_more&gt;,
  False),
 (&lt;Migration course_management.0001_initial&gt;, False),
 (&lt;Migration course_management.0002_alter_course_status&gt;, False),
 (&lt;Migration course_management.0003_course_total_credits_required&gt;, False),
 (&lt;Migration course_management.0004_courselesson&gt;, False),
 (&lt;Migration classroom_and_grading.0001_initial&gt;, False),
 (&lt;Migration classroom_and_grading.0002_alter_classroomstudent_options_and_more&gt;,
  False),
 (&lt;Migration classroom_and_grading.0003_alter_classroomstudent_options&gt;, False),
 (&lt;Migration classroom_and_grading.0004_remove_classroom_duration_days_and_more&gt;,
  False),
 (&lt;Migration classroom_and_grading.0005_populate_end_date&gt;, False),
 (&lt;Migration classroom_and_grading.0006_classroom_end_date&gt;, False),
 (&lt;Migration classroom_and_grading.0007_alter_classroom_end_date&gt;, False),
 (&lt;Migration classroom_and_grading.0008_assignmentgrade&gt;, False),
 (&lt;Migration classroom_and_grading.0009_make_assignmentgrade_fields_nullable&gt;,
  False),
 (&lt;Migration course_management.0005_course_lessons&gt;, False),
 (&lt;Migration course_management.0005_alter_course_options_and_more&gt;, False),
 (&lt;Migration course_management.0006_merge_20251003_2125&gt;, False),
 (&lt;Migration course_management.0006_course_director&gt;, False),
 (&lt;Migration course_management.0007_merge_0006_course_director_0006_merge_20251003_2125&gt;,
  False),
 (&lt;Migration course_management.0008_course_director_name&gt;, False),
 (&lt;Migration lesson_management.0004_readinglistprogress_videoprogress&gt;, False),
 (&lt;Migration lesson_management.0004_assignmentattachment&gt;, False),
 (&lt;Migration lesson_management.0005_merge_20251007_1420&gt;, False),
 (&lt;Migration lesson_management.0006_alter_lesson_youtube_thumbnail&gt;, False),
 (&lt;Migration lesson_management.0007_assignmentsubmission&gt;, False),
 (&lt;Migration lesson_management.0008_assignment_pdf_assignment_weightage&gt;,
  False),
 (&lt;Migration sessions.0001_initial&gt;, False),
 (&lt;Migration social_django.0001_initial&gt;, False),
 (&lt;Migration social_django.0002_add_related_name&gt;, False),
 (&lt;Migration social_django.0003_alter_email_max_length&gt;, False),
 (&lt;Migration social_django.0004_auto_20160423_0400&gt;, False),
 (&lt;Migration social_django.0005_auto_20160727_2333&gt;, False),
 (&lt;Migration social_django.0006_partial&gt;, False),
 (&lt;Migration social_django.0007_code_timestamp&gt;, False),
 (&lt;Migration social_django.0008_partial_timestamp&gt;, False),
 (&lt;Migration social_django.0009_auto_20191118_0520&gt;, False),
 (&lt;Migration social_django.0010_uid_db_index&gt;, False),
 (&lt;Migration social_django.0011_alter_id_fields&gt;, False),
 (&lt;Migration social_django.0012_usersocialauth_extra_data_new&gt;, False),
 (&lt;Migration social_django.0013_migrate_extra_data&gt;, False),
 (&lt;Migration social_django.0014_remove_usersocialauth_extra_data&gt;, False),
 (&lt;Migration social_django.0015_rename_extra_data_new_usersocialauth_extra_data&gt;,
  False),
 (&lt;Migration social_django.0016_alter_usersocialauth_extra_data&gt;, False),
 (&lt;Migration welcome_page.0001_initial&gt;, False)]
        self       = &lt;django.db.migrations.executor.MigrationExecutor object at 0x000002162D178260&gt;
        state      = &lt;django.db.migrations.state.ProjectState object at 0x000002162CC37A70&gt;
C:\Users\matth\anaconda3\Lib\site-packages\django\db\migrations\executor.py:255: in apply_migration
    state = migration.apply(state, schema_editor)
        fake       = False
        fake_initial = False
        migration  = &lt;Migration assist.0001_enable_pgvector&gt;
        migration_recorded = False
        schema_editor = &lt;django.db.backends.sqlite3.schema.DatabaseSchemaEditor object at 0x000002162CF09280&gt;
        self       = &lt;django.db.migrations.executor.MigrationExecutor object at 0x000002162D178260&gt;
        state      = &lt;django.db.migrations.state.ProjectState object at 0x000002162CC37A70&gt;
C:\Users\matth\anaconda3\Lib\site-packages\django\db\migrations\migration.py:132: in apply
    operation.database_forwards(
        atomic_operation = False
        collect_sql = False
        old_state  = &lt;django.db.migrations.state.ProjectState object at 0x000002162D2EDFA0&gt;
        operation  = &lt;RunSQL  sql='CREATE EXTENSION IF NOT EXISTS vector;', reverse_sql='DROP EXTENSION IF EXISTS vector;'&gt;
        project_state = &lt;django.db.migrations.state.ProjectState object at 0x000002162CC37A70&gt;
        schema_editor = &lt;django.db.backends.sqlite3.schema.DatabaseSchemaEditor object at 0x000002162CF09280&gt;
        self       = &lt;Migration assist.0001_enable_pgvector&gt;
C:\Users\matth\anaconda3\Lib\site-packages\django\db\migrations\operations\special.py:108: in database_forwards
    self._run_sql(schema_editor, self.sql)
        app_label  = 'assist'
        from_state = &lt;django.db.migrations.state.ProjectState object at 0x000002162D2EDFA0&gt;
        schema_editor = &lt;django.db.backends.sqlite3.schema.DatabaseSchemaEditor object at 0x000002162CF09280&gt;
        self       = &lt;RunSQL  sql='CREATE EXTENSION IF NOT EXISTS vector;', reverse_sql='DROP EXTENSION IF EXISTS vector;'&gt;
        to_state   = &lt;django.db.migrations.state.ProjectState object at 0x000002162CC37A70&gt;
C:\Users\matth\anaconda3\Lib\site-packages\django\db\migrations\operations\special.py:135: in _run_sql
    schema_editor.execute(statement, params=None)
        schema_editor = &lt;django.db.backends.sqlite3.schema.DatabaseSchemaEditor object at 0x000002162CF09280&gt;
        self       = &lt;RunSQL  sql='CREATE EXTENSION IF NOT EXISTS vector;', reverse_sql='DROP EXTENSION IF EXISTS vector;'&gt;
        sqls       = 'CREATE EXTENSION IF NOT EXISTS vector;'
        statement  = 'CREATE EXTENSION IF NOT EXISTS vector;'
        statements = ['CREATE EXTENSION IF NOT EXISTS vector;']
C:\Users\matth\anaconda3\Lib\site-packages\django\db\backends\base\schema.py:204: in execute
    cursor.execute(sql, params)
        cursor     = &lt;django.db.backends.utils.CursorWrapper object at 0x000002162D2EE2A0&gt;
        params     = None
        self       = &lt;django.db.backends.sqlite3.schema.DatabaseSchemaEditor object at 0x000002162CF09280&gt;
        sql        = 'CREATE EXTENSION IF NOT EXISTS vector;'
C:\Users\matth\anaconda3\Lib\site-packages\django\db\backends\utils.py:79: in execute
    return self._execute_with_wrappers(
        params     = None
        self       = &lt;django.db.backends.utils.CursorWrapper object at 0x000002162D2EE2A0&gt;
        sql        = 'CREATE EXTENSION IF NOT EXISTS vector;'
C:\Users\matth\anaconda3\Lib\site-packages\django\db\backends\utils.py:92: in _execute_with_wrappers
    return executor(sql, params, many, context)
        context    = {'connection': &lt;DatabaseWrapper vendor='sqlite' alias='default'&gt;,
 'cursor': &lt;django.db.backends.utils.CursorWrapper object at 0x000002162D2EE2A0&gt;}
        executor   = &lt;bound method CursorWrapper._execute of &lt;django.db.backends.utils.CursorWrapper object at 0x000002162D2EE2A0&gt;&gt;
        many       = False
        params     = None
        self       = &lt;django.db.backends.utils.CursorWrapper object at 0x000002162D2EE2A0&gt;
        sql        = 'CREATE EXTENSION IF NOT EXISTS vector;'
C:\Users\matth\anaconda3\Lib\site-packages\django\db\backends\utils.py:100: in _execute
    with self.db.wrap_database_errors:
        ignored_wrapper_args = (False,
 {'connection': &lt;DatabaseWrapper vendor='sqlite' alias='default'&gt;,
  'cursor': &lt;django.db.backends.utils.CursorWrapper object at 0x000002162D2EE2A0&gt;})
        params     = None
        self       = &lt;django.db.backends.utils.CursorWrapper object at 0x000002162D2EE2A0&gt;
        sql        = 'CREATE EXTENSION IF NOT EXISTS vector;'
C:\Users\matth\anaconda3\Lib\site-packages\django\db\utils.py:91: in __exit__
    raise dj_exc_value.with_traceback(traceback) from exc_value
        db_exc_type = &lt;class 'sqlite3.OperationalError'&gt;
        dj_exc_type = &lt;class 'django.db.utils.OperationalError'&gt;
        dj_exc_value = OperationalError('near "EXTENSION": syntax error')
        exc_type   = &lt;class 'sqlite3.OperationalError'&gt;
        exc_value  = OperationalError('near "EXTENSION": syntax error')
        self       = &lt;django.db.utils.DatabaseErrorWrapper object at 0x000002162D237290&gt;
        traceback  = &lt;traceback object at 0x000002162D2FC3C0&gt;
C:\Users\matth\anaconda3\Lib\site-packages\django\db\backends\utils.py:103: in _execute
    return self.cursor.execute(sql)
        ignored_wrapper_args = (False,
 {'connection': &lt;DatabaseWrapper vendor='sqlite' alias='default'&gt;,
  'cursor': &lt;django.db.backends.utils.CursorWrapper object at 0x000002162D2EE2A0&gt;})
        params     = None
        self       = &lt;django.db.backends.utils.CursorWrapper object at 0x000002162D2EE2A0&gt;
        sql        = 'CREATE EXTENSION IF NOT EXISTS vector;'
C:\Users\matth\anaconda3\Lib\site-packages\django\db\backends\sqlite3\base.py:356: in execute
    return super().execute(query)
E   django.db.utils.OperationalError: near "EXTENSION": syntax error
        __class__  = &lt;class 'django.db.backends.sqlite3.base.SQLiteCursorWrapper'&gt;
        params     = None
        query      = 'CREATE EXTENSION IF NOT EXISTS vector;'
        self       = &lt;django.db.backends.sqlite3.base.SQLiteCursorWrapper object at 0x000002162D1345F0&gt;</error></testcase><testcase classname="NotMoodle.assist.tests.test_models.TestDocumentChunk" name="test_document_chunk_str_short_content" time="0.001"><error message="failed on setup with &quot;django.db.utils.OperationalError: near &quot;EXTENSION&quot;: syntax error&quot;">C:\Users\matth\anaconda3\Lib\site-packages\django\db\backends\utils.py:103: in _execute
    return self.cursor.execute(sql)
        ignored_wrapper_args = (False,
 {'connection': &lt;DatabaseWrapper vendor='sqlite' alias='default'&gt;,
  'cursor': &lt;django.db.backends.utils.CursorWrapper object at 0x000002162D2EE2A0&gt;})
        params     = None
        self       = &lt;django.db.backends.utils.CursorWrapper object at 0x000002162D2EE2A0&gt;
        sql        = 'CREATE EXTENSION IF NOT EXISTS vector;'
C:\Users\matth\anaconda3\Lib\site-packages\django\db\backends\sqlite3\base.py:356: in execute
    return super().execute(query)
E   sqlite3.OperationalError: near "EXTENSION": syntax error
        __class__  = &lt;class 'django.db.backends.sqlite3.base.SQLiteCursorWrapper'&gt;
        params     = None
        query      = 'CREATE EXTENSION IF NOT EXISTS vector;'
        self       = &lt;django.db.backends.sqlite3.base.SQLiteCursorWrapper object at 0x000002162D1345F0&gt;

The above exception was the direct cause of the following exception:
C:\Users\matth\anaconda3\Lib\site-packages\pytest_django\fixtures.py:144: in django_db_setup
    db_cfg = setup_databases(
        django_db_blocker = &lt;pytest_django.plugin.DjangoDbBlocker object at 0x0000021627F40170&gt;
        django_db_createdb = False
        django_db_keepdb = True
        django_db_modify_db_settings = None
        django_db_use_migrations = True
        django_test_environment = None
        request    = &lt;SubRequest 'django_db_setup' for &lt;Function test_create_document_chunk&gt;&gt;
        setup_databases = &lt;function setup_databases at 0x000002162CDE93A0&gt;
        setup_databases_args = {'keepdb': True}
        teardown_databases = &lt;function teardown_databases at 0x000002162CDE9620&gt;
C:\Users\matth\anaconda3\Lib\site-packages\django\test\utils.py:204: in setup_databases
    connection.creation.create_test_db(
        alias      = 'default'
        aliases    = ['default']
        connection = &lt;DatabaseWrapper vendor='sqlite' alias='default'&gt;
        db_name    = ':memory:'
        debug_sql  = False
        first_alias = 'default'
        interactive = False
        keepdb     = True
        kwargs     = {}
        mirrored_aliases = {}
        old_names  = [(&lt;DatabaseWrapper vendor='sqlite' alias='default'&gt;, ':memory:', True)]
        parallel   = 0
        serialize_connections = []
        serialized_aliases = None
        test_databases = {(':memory:', 'default'): (':memory:', ['default'])}
        time_keeper = &lt;django.test.utils.NullTimeKeeper object at 0x000002162D157380&gt;
        verbosity  = 2
C:\Users\matth\anaconda3\Lib\site-packages\django\db\backends\base\creation.py:78: in create_test_db
    call_command(
        action     = 'Using existing'
        autoclobber = True
        call_command = &lt;function call_command at 0x000002162B111C60&gt;
        keepdb     = True
        self       = &lt;django.db.backends.sqlite3.creation.DatabaseCreation object at 0x000002162C6497C0&gt;
        serialize  = False
        test_database_name = 'file:memorydb_default?mode=memory&amp;cache=shared'
        verbosity  = 2
C:\Users\matth\anaconda3\Lib\site-packages\django\core\management\__init__.py:194: in call_command
    return command.execute(*args, **defaults)
        app_name   = 'django.core'
        arg_options = {'database': 'default',
 'interactive': False,
 'run_syncdb': True,
 'verbosity': 1}
        args       = ()
        command    = &lt;django.core.management.commands.migrate.Command object at 0x000002162D131BE0&gt;
        command_name = 'migrate'
        defaults   = {'app_label': None,
 'check_unapplied': False,
 'database': 'default',
 'fake': False,
 'fake_initial': False,
 'force_color': False,
 'interactive': False,
 'migration_name': None,
 'no_color': False,
 'plan': False,
 'prune': False,
 'pythonpath': None,
 'run_syncdb': True,
 'settings': None,
 'skip_checks': True,
 'traceback': False,
 'verbosity': 1}
        dest_parameters = {'app_label',
 'check_unapplied',
 'database',
 'fake',
 'fake_initial',
 'force_color',
 'help',
 'interactive',
 'migration_name',
 'no_color',
 'plan',
 'prune',
 'pythonpath',
 'run_syncdb',
 'settings',
 'skip_checks',
 'traceback',
 'verbosity',
 'version'}
        get_actions = &lt;function call_command.&lt;locals&gt;.get_actions at 0x000002162D1CA160&gt;
        mutually_exclusive_required_options = set()
        opt        = _StoreTrueAction(option_strings=['--prune'], dest='prune', nargs=0, const=True, default=False, type=None, choices=None, required=False, help='Delete nonexistent migrations from the django_migrations table.', metavar=None)
        opt_mapping = {'check': 'check_unapplied',
 'database': 'database',
 'fake': 'fake',
 'fake_initial': 'fake_initial',
 'force_color': 'force_color',
 'help': 'help',
 'no_color': 'no_color',
 'no_input': 'interactive',
 'plan': 'plan',
 'prune': 'prune',
 'pythonpath': 'pythonpath',
 'run_syncdb': 'run_syncdb',
 'settings': 'settings',
 'skip_checks': 'skip_checks',
 'traceback': 'traceback',
 'verbosity': 'verbosity',
 'version': 'version'}
        options    = {'database': 'default',
 'interactive': False,
 'run_syncdb': True,
 'verbosity': 1}
        parse_args = []
        parser     = CommandParser(prog=' migrate', usage=None, description='Updates database schema. Manages both apps with migrations and those without.', formatter_class=&lt;class 'django.core.management.base.DjangoHelpFormatter'&gt;, conflict_handler='error', add_help=True)
        parser_actions = [_HelpAction(option_strings=['-h', '--help'], dest='help', nargs=0, const=None, default='==SUPPRESS==', type=None, choices=None, required=False, help='show this help message and exit', metavar=None),
 _VersionAction(option_strings=['--version'], dest='version', nargs=0, const=None, default='==SUPPRESS==', type=None, choices=None, required=False, help="Show program's version number and exit.", metavar=None),
 _StoreAction(option_strings=['-v', '--verbosity'], dest='verbosity', nargs=None, const=None, default=1, type=&lt;class 'int'&gt;, choices=[0, 1, 2, 3], required=False, help='Verbosity level; 0=minimal output, 1=normal output, 2=verbose output, 3=very verbose output', metavar=None),
 _StoreAction(option_strings=['--settings'], dest='settings', nargs=None, const=None, default=None, type=None, choices=None, required=False, help='The Python path to a settings module, e.g. "myproject.settings.main". If this isn\'t provided, the DJANGO_SETTINGS_MODULE environment variable will be used.', metavar=None),
 _StoreAction(option_strings=['--pythonpath'], dest='pythonpath', nargs=None, const=None, default=None, type=None, choices=None, required=False, help='A directory to add to the Python path, e.g. "/home/djangoprojects/myproject".', metavar=None),
 _StoreTrueAction(option_strings=['--traceback'], dest='traceback', nargs=0, const=True, default=False, type=None, choices=None, required=False, help='Display a full stack trace on CommandError exceptions.', metavar=None),
 _StoreTrueAction(option_strings=['--no-color'], dest='no_color', nargs=0, const=True, default=False, type=None, choices=None, required=False, help="Don't colorize the command output.", metavar=None),
 _StoreTrueAction(option_strings=['--force-color'], dest='force_color', nargs=0, const=True, default=False, type=None, choices=None, required=False, help='Force colorization of the command output.', metavar=None),
 _StoreTrueAction(option_strings=['--skip-checks'], dest='skip_checks', nargs=0, const=True, default=False, type=None, choices=None, required=False, help='Skip system checks.', metavar=None),
 _StoreAction(option_strings=[], dest='app_label', nargs='?', const=None, default=None, type=None, choices=None, required=False, help='App label of an application to synchronize the state.', metavar=None),
 _StoreAction(option_strings=[], dest='migration_name', nargs='?', const=None, default=None, type=None, choices=None, required=False, help='Database state will be brought to the state after that migration. Use the name "zero" to unapply all migrations.', metavar=None),
 _StoreFalseAction(option_strings=['--noinput', '--no-input'], dest='interactive', nargs=0, const=False, default=True, type=None, choices=None, required=False, help='Tells Django to NOT prompt the user for input of any kind.', metavar=None),
 _StoreAction(option_strings=['--database'], dest='database', nargs=None, const=None, default='default', type=None, choices=('default',), required=False, help='Nominates a database to synchronize. Defaults to the "default" database.', metavar=None),
 _StoreTrueAction(option_strings=['--fake'], dest='fake', nargs=0, const=True, default=False, type=None, choices=None, required=False, help='Mark migrations as run without actually running them.', metavar=None),
 _StoreTrueAction(option_strings=['--fake-initial'], dest='fake_initial', nargs=0, const=True, default=False, type=None, choices=None, required=False, help='Detect if tables already exist and fake-apply initial migrations if so. Make sure that the current database schema matches your initial migration before using this flag. Django will only check for an existing table name.', metavar=None),
 _StoreTrueAction(option_strings=['--plan'], dest='plan', nargs=0, const=True, default=False, type=None, choices=None, required=False, help='Shows a list of the migration actions that will be performed.', metavar=None),
 _StoreTrueAction(option_strings=['--run-syncdb'], dest='run_syncdb', nargs=0, const=True, default=False, type=None, choices=None, required=False, help='Creates tables for apps without migrations.', metavar=None),
 _StoreTrueAction(option_strings=['--check'], dest='check_unapplied', nargs=0, const=True, default=False, type=None, choices=None, required=False, help='Exits with a non-zero status if unapplied migrations exist and does not actually apply migrations.', metavar=None),
 _StoreTrueAction(option_strings=['--prune'], dest='prune', nargs=0, const=True, default=False, type=None, choices=None, required=False, help='Delete nonexistent migrations from the django_migrations table.', metavar=None)]
        stealth_options = {'stderr', 'stdout'}
        unknown_options = set()
        valid_options = {'app_label',
 'check',
 'check_unapplied',
 'database',
 'fake',
 'fake_initial',
 'force_color',
 'help',
 'interactive',
 'migration_name',
 'no_color',
 'no_input',
 'plan',
 'prune',
 'pythonpath',
 'run_syncdb',
 'settings',
 'skip_checks',
 'stderr',
 'stdout',
 'traceback',
 'verbosity',
 'version'}
C:\Users\matth\anaconda3\Lib\site-packages\django\core\management\base.py:460: in execute
    output = self.handle(*args, **options)
        args       = ()
        options    = {'app_label': None,
 'check_unapplied': False,
 'database': 'default',
 'fake': False,
 'fake_initial': False,
 'force_color': False,
 'interactive': False,
 'migration_name': None,
 'no_color': False,
 'plan': False,
 'prune': False,
 'pythonpath': None,
 'run_syncdb': True,
 'settings': None,
 'skip_checks': True,
 'traceback': False,
 'verbosity': 1}
        self       = &lt;django.core.management.commands.migrate.Command object at 0x000002162D131BE0&gt;
C:\Users\matth\anaconda3\Lib\site-packages\django\core\management\base.py:107: in wrapper
    res = handle_func(*args, **kwargs)
        args       = (&lt;django.core.management.commands.migrate.Command object at 0x000002162D131BE0&gt;,)
        handle_func = &lt;function Command.handle at 0x000002162D1C9B20&gt;
        kwargs     = {'app_label': None,
 'check_unapplied': False,
 'database': 'default',
 'fake': False,
 'fake_initial': False,
 'force_color': False,
 'interactive': False,
 'migration_name': None,
 'no_color': False,
 'plan': False,
 'prune': False,
 'pythonpath': None,
 'run_syncdb': True,
 'settings': None,
 'skip_checks': True,
 'traceback': False,
 'verbosity': 1}
        saved_locale = 'en-us'
        translation = &lt;module 'django.utils.translation' from 'C:\\Users\\matth\\anaconda3\\Lib\\site-packages\\django\\utils\\translation\\__init__.py'&gt;
C:\Users\matth\anaconda3\Lib\site-packages\django\core\management\commands\migrate.py:353: in handle
    post_migrate_state = executor.migrate(
        app_config = &lt;AssistConfig: assist&gt;
        args       = ()
        conflicts  = {}
        connection = &lt;DatabaseWrapper vendor='sqlite' alias='default'&gt;
        database   = 'default'
        executor   = &lt;django.db.migrations.executor.MigrationExecutor object at 0x000002162D178260&gt;
        fake       = False
        fake_initial = False
        options    = {'app_label': None,
 'check_unapplied': False,
 'database': 'default',
 'fake': False,
 'fake_initial': False,
 'force_color': False,
 'interactive': False,
 'migration_name': None,
 'no_color': False,
 'plan': False,
 'prune': False,
 'pythonpath': None,
 'run_syncdb': True,
 'settings': None,
 'skip_checks': True,
 'traceback': False,
 'verbosity': 1}
        plan       = [(&lt;Migration contenttypes.0001_initial&gt;, False),
 (&lt;Migration auth.0001_initial&gt;, False),
 (&lt;Migration admin.0001_initial&gt;, False),
 (&lt;Migration admin.0002_logentry_remove_auto_add&gt;, False),
 (&lt;Migration admin.0003_logentry_add_action_flag_choices&gt;, False),
 (&lt;Migration teachersManagement.0001_initial&gt;, False),
 (&lt;Migration teachersManagement.0002_teacherprofile&gt;, False),
 (&lt;Migration teachersManagement.0003_delete_teacher&gt;, False),
 (&lt;Migration lesson_management.0001_initial&gt;, False),
 (&lt;Migration assist.0001_enable_pgvector&gt;, False),
 (&lt;Migration assist.0002_initial_models&gt;, False),
 (&lt;Migration assist.0003_vector_index&gt;, False),
 (&lt;Migration assist.0004_rename_assist_docu_lesson__a1b2c3_idx_assist_docu_lesson__9efbd5_idx_and_more&gt;,
  False),
 (&lt;Migration contenttypes.0002_remove_content_type_name&gt;, False),
 (&lt;Migration auth.0002_alter_permission_name_max_length&gt;, False),
 (&lt;Migration auth.0003_alter_user_email_max_length&gt;, False),
 (&lt;Migration auth.0004_alter_user_username_opts&gt;, False),
 (&lt;Migration auth.0005_alter_user_last_login_null&gt;, False),
 (&lt;Migration auth.0006_require_contenttypes_0002&gt;, False),
 (&lt;Migration auth.0007_alter_validators_add_error_messages&gt;, False),
 (&lt;Migration auth.0008_alter_user_username_max_length&gt;, False),
 (&lt;Migration auth.0009_alter_user_last_name_max_length&gt;, False),
 (&lt;Migration auth.0010_alter_group_name_max_length&gt;, False),
 (&lt;Migration auth.0011_update_proxy_permissions&gt;, False),
 (&lt;Migration auth.0012_alter_user_first_name_max_length&gt;, False),
 (&lt;Migration teachersManagement.0004_add_teacher_display_fields&gt;, False),
 (&lt;Migration student_management.0001_initial&gt;, False),
 (&lt;Migration student_management.0002_alter_managecreditpoint_student&gt;, False),
 (&lt;Migration student_management.0003_student_user&gt;, False),
 (&lt;Migration student_management.0004_remove_student_is_active&gt;, False),
 (&lt;Migration student_management.0005_enrollmentsequence_alter_student_course_and_more&gt;,
  False),
 (&lt;Migration lesson_management.0002_lessonenrollment&gt;, False),
 (&lt;Migration lesson_management.0003_lesson_youtube_link_lesson_youtube_thumbnail_and_more&gt;,
  False),
 (&lt;Migration course_management.0001_initial&gt;, False),
 (&lt;Migration course_management.0002_alter_course_status&gt;, False),
 (&lt;Migration course_management.0003_course_total_credits_required&gt;, False),
 (&lt;Migration course_management.0004_courselesson&gt;, False),
 (&lt;Migration classroom_and_grading.0001_initial&gt;, False),
 (&lt;Migration classroom_and_grading.0002_alter_classroomstudent_options_and_more&gt;,
  False),
 (&lt;Migration classroom_and_grading.0003_alter_classroomstudent_options&gt;, False),
 (&lt;Migration classroom_and_grading.0004_remove_classroom_duration_days_and_more&gt;,
  False),
 (&lt;Migration classroom_and_grading.0005_populate_end_date&gt;, False),
 (&lt;Migration classroom_and_grading.0006_classroom_end_date&gt;, False),
 (&lt;Migration classroom_and_grading.0007_alter_classroom_end_date&gt;, False),
 (&lt;Migration classroom_and_grading.0008_assignmentgrade&gt;, False),
 (&lt;Migration classroom_and_grading.0009_make_assignmentgrade_fields_nullable&gt;,
  False),
 (&lt;Migration course_management.0005_course_lessons&gt;, False),
 (&lt;Migration course_management.0005_alter_course_options_and_more&gt;, False),
 (&lt;Migration course_management.0006_merge_20251003_2125&gt;, False),
 (&lt;Migration course_management.0006_course_director&gt;, False),
 (&lt;Migration course_management.0007_merge_0006_course_director_0006_merge_20251003_2125&gt;,
  False),
 (&lt;Migration course_management.0008_course_director_name&gt;, False),
 (&lt;Migration lesson_management.0004_readinglistprogress_videoprogress&gt;, False),
 (&lt;Migration lesson_management.0004_assignmentattachment&gt;, False),
 (&lt;Migration lesson_management.0005_merge_20251007_1420&gt;, False),
 (&lt;Migration lesson_management.0006_alter_lesson_youtube_thumbnail&gt;, False),
 (&lt;Migration lesson_management.0007_assignmentsubmission&gt;, False),
 (&lt;Migration lesson_management.0008_assignment_pdf_assignment_weightage&gt;,
  False),
 (&lt;Migration sessions.0001_initial&gt;, False),
 (&lt;Migration social_django.0001_initial&gt;, False),
 (&lt;Migration social_django.0002_add_related_name&gt;, False),
 (&lt;Migration social_django.0003_alter_email_max_length&gt;, False),
 (&lt;Migration social_django.0004_auto_20160423_0400&gt;, False),
 (&lt;Migration social_django.0005_auto_20160727_2333&gt;, False),
 (&lt;Migration social_django.0006_partial&gt;, False),
 (&lt;Migration social_django.0007_code_timestamp&gt;, False),
 (&lt;Migration social_django.0008_partial_timestamp&gt;, False),
 (&lt;Migration social_django.0009_auto_20191118_0520&gt;, False),
 (&lt;Migration social_django.0010_uid_db_index&gt;, False),
 (&lt;Migration social_django.0011_alter_id_fields&gt;, False),
 (&lt;Migration social_django.0012_usersocialauth_extra_data_new&gt;, False),
 (&lt;Migration social_django.0013_migrate_extra_data&gt;, False),
 (&lt;Migration social_django.0014_remove_usersocialauth_extra_data&gt;, False),
 (&lt;Migration social_django.0015_rename_extra_data_new_usersocialauth_extra_data&gt;,
  False),
 (&lt;Migration social_django.0016_alter_usersocialauth_extra_data&gt;, False),
 (&lt;Migration welcome_page.0001_initial&gt;, False)]
        pre_migrate_apps = &lt;django.db.migrations.state.StateApps object at 0x000002162CB38E30&gt;
        pre_migrate_state = &lt;django.db.migrations.state.ProjectState object at 0x000002162D178590&gt;
        run_syncdb = {'staticfiles', 'messages'}
        self       = &lt;django.core.management.commands.migrate.Command object at 0x000002162D131BE0&gt;
        target_app_labels_only = True
        targets    = [('admin', '0003_logentry_add_action_flag_choices'),
 ('assist',
  '0004_rename_assist_docu_lesson__a1b2c3_idx_assist_docu_lesson__9efbd5_idx_and_more'),
 ('auth', '0012_alter_user_first_name_max_length'),
 ('classroom_and_grading', '0009_make_assignmentgrade_fields_nullable'),
 ('contenttypes', '0002_remove_content_type_name'),
 ('course_management', '0008_course_director_name'),
 ('lesson_management', '0008_assignment_pdf_assignment_weightage'),
 ('sessions', '0001_initial'),
 ('social_django', '0016_alter_usersocialauth_extra_data'),
 ('student_management',
  '0005_enrollmentsequence_alter_student_course_and_more'),
 ('teachersManagement', '0004_add_teacher_display_fields'),
 ('welcome_page', '0001_initial')]
C:\Users\matth\anaconda3\Lib\site-packages\django\db\migrations\executor.py:135: in migrate
    state = self._migrate_all_forwards(
        all_backwards = False
        all_forwards = True
        fake       = False
        fake_initial = False
        full_plan  = [(&lt;Migration contenttypes.0001_initial&gt;, False),
 (&lt;Migration auth.0001_initial&gt;, False),
 (&lt;Migration admin.0001_initial&gt;, False),
 (&lt;Migration admin.0002_logentry_remove_auto_add&gt;, False),
 (&lt;Migration admin.0003_logentry_add_action_flag_choices&gt;, False),
 (&lt;Migration teachersManagement.0001_initial&gt;, False),
 (&lt;Migration teachersManagement.0002_teacherprofile&gt;, False),
 (&lt;Migration teachersManagement.0003_delete_teacher&gt;, False),
 (&lt;Migration lesson_management.0001_initial&gt;, False),
 (&lt;Migration assist.0001_enable_pgvector&gt;, False),
 (&lt;Migration assist.0002_initial_models&gt;, False),
 (&lt;Migration assist.0003_vector_index&gt;, False),
 (&lt;Migration assist.0004_rename_assist_docu_lesson__a1b2c3_idx_assist_docu_lesson__9efbd5_idx_and_more&gt;,
  False),
 (&lt;Migration contenttypes.0002_remove_content_type_name&gt;, False),
 (&lt;Migration auth.0002_alter_permission_name_max_length&gt;, False),
 (&lt;Migration auth.0003_alter_user_email_max_length&gt;, False),
 (&lt;Migration auth.0004_alter_user_username_opts&gt;, False),
 (&lt;Migration auth.0005_alter_user_last_login_null&gt;, False),
 (&lt;Migration auth.0006_require_contenttypes_0002&gt;, False),
 (&lt;Migration auth.0007_alter_validators_add_error_messages&gt;, False),
 (&lt;Migration auth.0008_alter_user_username_max_length&gt;, False),
 (&lt;Migration auth.0009_alter_user_last_name_max_length&gt;, False),
 (&lt;Migration auth.0010_alter_group_name_max_length&gt;, False),
 (&lt;Migration auth.0011_update_proxy_permissions&gt;, False),
 (&lt;Migration auth.0012_alter_user_first_name_max_length&gt;, False),
 (&lt;Migration teachersManagement.0004_add_teacher_display_fields&gt;, False),
 (&lt;Migration student_management.0001_initial&gt;, False),
 (&lt;Migration student_management.0002_alter_managecreditpoint_student&gt;, False),
 (&lt;Migration student_management.0003_student_user&gt;, False),
 (&lt;Migration student_management.0004_remove_student_is_active&gt;, False),
 (&lt;Migration student_management.0005_enrollmentsequence_alter_student_course_and_more&gt;,
  False),
 (&lt;Migration lesson_management.0002_lessonenrollment&gt;, False),
 (&lt;Migration lesson_management.0003_lesson_youtube_link_lesson_youtube_thumbnail_and_more&gt;,
  False),
 (&lt;Migration course_management.0001_initial&gt;, False),
 (&lt;Migration course_management.0002_alter_course_status&gt;, False),
 (&lt;Migration course_management.0003_course_total_credits_required&gt;, False),
 (&lt;Migration course_management.0004_courselesson&gt;, False),
 (&lt;Migration classroom_and_grading.0001_initial&gt;, False),
 (&lt;Migration classroom_and_grading.0002_alter_classroomstudent_options_and_more&gt;,
  False),
 (&lt;Migration classroom_and_grading.0003_alter_classroomstudent_options&gt;, False),
 (&lt;Migration classroom_and_grading.0004_remove_classroom_duration_days_and_more&gt;,
  False),
 (&lt;Migration classroom_and_grading.0005_populate_end_date&gt;, False),
 (&lt;Migration classroom_and_grading.0006_classroom_end_date&gt;, False),
 (&lt;Migration classroom_and_grading.0007_alter_classroom_end_date&gt;, False),
 (&lt;Migration classroom_and_grading.0008_assignmentgrade&gt;, False),
 (&lt;Migration classroom_and_grading.0009_make_assignmentgrade_fields_nullable&gt;,
  False),
 (&lt;Migration course_management.0005_course_lessons&gt;, False),
 (&lt;Migration course_management.0005_alter_course_options_and_more&gt;, False),
 (&lt;Migration course_management.0006_merge_20251003_2125&gt;, False),
 (&lt;Migration course_management.0006_course_director&gt;, False),
 (&lt;Migration course_management.0007_merge_0006_course_director_0006_merge_20251003_2125&gt;,
  False),
 (&lt;Migration course_management.0008_course_director_name&gt;, False),
 (&lt;Migration lesson_management.0004_readinglistprogress_videoprogress&gt;, False),
 (&lt;Migration lesson_management.0004_assignmentattachment&gt;, False),
 (&lt;Migration lesson_management.0005_merge_20251007_1420&gt;, False),
 (&lt;Migration lesson_management.0006_alter_lesson_youtube_thumbnail&gt;, False),
 (&lt;Migration lesson_management.0007_assignmentsubmission&gt;, False),
 (&lt;Migration lesson_management.0008_assignment_pdf_assignment_weightage&gt;,
  False),
 (&lt;Migration sessions.0001_initial&gt;, False),
 (&lt;Migration social_django.0001_initial&gt;, False),
 (&lt;Migration social_django.0002_add_related_name&gt;, False),
 (&lt;Migration social_django.0003_alter_email_max_length&gt;, False),
 (&lt;Migration social_django.0004_auto_20160423_0400&gt;, False),
 (&lt;Migration social_django.0005_auto_20160727_2333&gt;, False),
 (&lt;Migration social_django.0006_partial&gt;, False),
 (&lt;Migration social_django.0007_code_timestamp&gt;, False),
 (&lt;Migration social_django.0008_partial_timestamp&gt;, False),
 (&lt;Migration social_django.0009_auto_20191118_0520&gt;, False),
 (&lt;Migration social_django.0010_uid_db_index&gt;, False),
 (&lt;Migration social_django.0011_alter_id_fields&gt;, False),
 (&lt;Migration social_django.0012_usersocialauth_extra_data_new&gt;, False),
 (&lt;Migration social_django.0013_migrate_extra_data&gt;, False),
 (&lt;Migration social_django.0014_remove_usersocialauth_extra_data&gt;, False),
 (&lt;Migration social_django.0015_rename_extra_data_new_usersocialauth_extra_data&gt;,
  False),
 (&lt;Migration social_django.0016_alter_usersocialauth_extra_data&gt;, False),
 (&lt;Migration welcome_page.0001_initial&gt;, False)]
[...]
 (&lt;Migration student_management.0002_alter_managecreditpoint_student&gt;, False),
 (&lt;Migration student_management.0003_student_user&gt;, False),
 (&lt;Migration student_management.0004_remove_student_is_active&gt;, False),
 (&lt;Migration student_management.0005_enrollmentsequence_alter_student_course_and_more&gt;,
  False),
 (&lt;Migration lesson_management.0002_lessonenrollment&gt;, False),
 (&lt;Migration lesson_management.0003_lesson_youtube_link_lesson_youtube_thumbnail_and_more&gt;,
  False),
 (&lt;Migration course_management.0001_initial&gt;, False),
 (&lt;Migration course_management.0002_alter_course_status&gt;, False),
 (&lt;Migration course_management.0003_course_total_credits_required&gt;, False),
 (&lt;Migration course_management.0004_courselesson&gt;, False),
 (&lt;Migration classroom_and_grading.0001_initial&gt;, False),
 (&lt;Migration classroom_and_grading.0002_alter_classroomstudent_options_and_more&gt;,
  False),
 (&lt;Migration classroom_and_grading.0003_alter_classroomstudent_options&gt;, False),
 (&lt;Migration classroom_and_grading.0004_remove_classroom_duration_days_and_more&gt;,
  False),
 (&lt;Migration classroom_and_grading.0005_populate_end_date&gt;, False),
 (&lt;Migration classroom_and_grading.0006_classroom_end_date&gt;, False),
 (&lt;Migration classroom_and_grading.0007_alter_classroom_end_date&gt;, False),
 (&lt;Migration classroom_and_grading.0008_assignmentgrade&gt;, False),
 (&lt;Migration classroom_and_grading.0009_make_assignmentgrade_fields_nullable&gt;,
  False),
 (&lt;Migration course_management.0005_course_lessons&gt;, False),
 (&lt;Migration course_management.0005_alter_course_options_and_more&gt;, False),
 (&lt;Migration course_management.0006_merge_20251003_2125&gt;, False),
 (&lt;Migration course_management.0006_course_director&gt;, False),
 (&lt;Migration course_management.0007_merge_0006_course_director_0006_merge_20251003_2125&gt;,
  False),
 (&lt;Migration course_management.0008_course_director_name&gt;, False),
 (&lt;Migration lesson_management.0004_readinglistprogress_videoprogress&gt;, False),
 (&lt;Migration lesson_management.0004_assignmentattachment&gt;, False),
 (&lt;Migration lesson_management.0005_merge_20251007_1420&gt;, False),
 (&lt;Migration lesson_management.0006_alter_lesson_youtube_thumbnail&gt;, False),
 (&lt;Migration lesson_management.0007_assignmentsubmission&gt;, False),
 (&lt;Migration lesson_management.0008_assignment_pdf_assignment_weightage&gt;,
  False),
 (&lt;Migration sessions.0001_initial&gt;, False),
 (&lt;Migration social_django.0001_initial&gt;, False),
 (&lt;Migration social_django.0002_add_related_name&gt;, False),
 (&lt;Migration social_django.0003_alter_email_max_length&gt;, False),
 (&lt;Migration social_django.0004_auto_20160423_0400&gt;, False),
 (&lt;Migration social_django.0005_auto_20160727_2333&gt;, False),
 (&lt;Migration social_django.0006_partial&gt;, False),
 (&lt;Migration social_django.0007_code_timestamp&gt;, False),
 (&lt;Migration social_django.0008_partial_timestamp&gt;, False),
 (&lt;Migration social_django.0009_auto_20191118_0520&gt;, False),
 (&lt;Migration social_django.0010_uid_db_index&gt;, False),
 (&lt;Migration social_django.0011_alter_id_fields&gt;, False),
 (&lt;Migration social_django.0012_usersocialauth_extra_data_new&gt;, False),
 (&lt;Migration social_django.0013_migrate_extra_data&gt;, False),
 (&lt;Migration social_django.0014_remove_usersocialauth_extra_data&gt;, False),
 (&lt;Migration social_django.0015_rename_extra_data_new_usersocialauth_extra_data&gt;,
  False),
 (&lt;Migration social_django.0016_alter_usersocialauth_extra_data&gt;, False),
 (&lt;Migration welcome_page.0001_initial&gt;, False)]
        migration  = &lt;Migration assist.0001_enable_pgvector&gt;
        migrations_to_run = {&lt;Migration assist.0001_enable_pgvector&gt;,
 &lt;Migration assist.0002_initial_models&gt;,
 &lt;Migration assist.0003_vector_index&gt;,
 &lt;Migration assist.0004_rename_assist_docu_lesson__a1b2c3_idx_assist_docu_lesson__9efbd5_idx_and_more&gt;,
 &lt;Migration classroom_and_grading.0001_initial&gt;,
 &lt;Migration classroom_and_grading.0002_alter_classroomstudent_options_and_more&gt;,
 &lt;Migration classroom_and_grading.0003_alter_classroomstudent_options&gt;,
 &lt;Migration classroom_and_grading.0004_remove_classroom_duration_days_and_more&gt;,
 &lt;Migration classroom_and_grading.0005_populate_end_date&gt;,
 &lt;Migration classroom_and_grading.0006_classroom_end_date&gt;,
 &lt;Migration classroom_and_grading.0007_alter_classroom_end_date&gt;,
 &lt;Migration classroom_and_grading.0008_assignmentgrade&gt;,
 &lt;Migration classroom_and_grading.0009_make_assignmentgrade_fields_nullable&gt;,
 &lt;Migration course_management.0001_initial&gt;,
 &lt;Migration course_management.0002_alter_course_status&gt;,
 &lt;Migration course_management.0003_course_total_credits_required&gt;,
 &lt;Migration course_management.0004_courselesson&gt;,
 &lt;Migration course_management.0005_alter_course_options_and_more&gt;,
 &lt;Migration course_management.0005_course_lessons&gt;,
 &lt;Migration course_management.0006_course_director&gt;,
 &lt;Migration course_management.0006_merge_20251003_2125&gt;,
 &lt;Migration course_management.0007_merge_0006_course_director_0006_merge_20251003_2125&gt;,
 &lt;Migration course_management.0008_course_director_name&gt;,
 &lt;Migration auth.0002_alter_permission_name_max_length&gt;,
 &lt;Migration auth.0003_alter_user_email_max_length&gt;,
 &lt;Migration auth.0004_alter_user_username_opts&gt;,
 &lt;Migration auth.0005_alter_user_last_login_null&gt;,
 &lt;Migration auth.0006_require_contenttypes_0002&gt;,
 &lt;Migration auth.0007_alter_validators_add_error_messages&gt;,
 &lt;Migration auth.0008_alter_user_username_max_length&gt;,
 &lt;Migration auth.0009_alter_user_last_name_max_length&gt;,
 &lt;Migration auth.0010_alter_group_name_max_length&gt;,
 &lt;Migration auth.0011_update_proxy_permissions&gt;,
 &lt;Migration auth.0012_alter_user_first_name_max_length&gt;,
 &lt;Migration contenttypes.0002_remove_content_type_name&gt;,
 &lt;Migration sessions.0001_initial&gt;,
 &lt;Migration lesson_management.0002_lessonenrollment&gt;,
 &lt;Migration lesson_management.0003_lesson_youtube_link_lesson_youtube_thumbnail_and_more&gt;,
 &lt;Migration lesson_management.0004_assignmentattachment&gt;,
 &lt;Migration lesson_management.0004_readinglistprogress_videoprogress&gt;,
 &lt;Migration lesson_management.0005_merge_20251007_1420&gt;,
 &lt;Migration lesson_management.0006_alter_lesson_youtube_thumbnail&gt;,
 &lt;Migration lesson_management.0007_assignmentsubmission&gt;,
 &lt;Migration lesson_management.0008_assignment_pdf_assignment_weightage&gt;,
 &lt;Migration social_django.0001_initial&gt;,
 &lt;Migration social_django.0002_add_related_name&gt;,
 &lt;Migration social_django.0003_alter_email_max_length&gt;,
 &lt;Migration social_django.0004_auto_20160423_0400&gt;,
 &lt;Migration social_django.0005_auto_20160727_2333&gt;,
 &lt;Migration social_django.0006_partial&gt;,
 &lt;Migration social_django.0007_code_timestamp&gt;,
 &lt;Migration social_django.0008_partial_timestamp&gt;,
 &lt;Migration social_django.0009_auto_20191118_0520&gt;,
 &lt;Migration social_django.0010_uid_db_index&gt;,
 &lt;Migration social_django.0011_alter_id_fields&gt;,
 &lt;Migration social_django.0012_usersocialauth_extra_data_new&gt;,
 &lt;Migration social_django.0013_migrate_extra_data&gt;,
 &lt;Migration social_django.0014_remove_usersocialauth_extra_data&gt;,
 &lt;Migration social_django.0015_rename_extra_data_new_usersocialauth_extra_data&gt;,
 &lt;Migration social_django.0016_alter_usersocialauth_extra_data&gt;,
 &lt;Migration student_management.0001_initial&gt;,
 &lt;Migration student_management.0002_alter_managecreditpoint_student&gt;,
 &lt;Migration student_management.0003_student_user&gt;,
 &lt;Migration student_management.0004_remove_student_is_active&gt;,
 &lt;Migration student_management.0005_enrollmentsequence_alter_student_course_and_more&gt;,
 &lt;Migration teachersManagement.0004_add_teacher_display_fields&gt;,
 &lt;Migration welcome_page.0001_initial&gt;}
        plan       = [(&lt;Migration contenttypes.0001_initial&gt;, False),
 (&lt;Migration auth.0001_initial&gt;, False),
 (&lt;Migration admin.0001_initial&gt;, False),
 (&lt;Migration admin.0002_logentry_remove_auto_add&gt;, False),
 (&lt;Migration admin.0003_logentry_add_action_flag_choices&gt;, False),
 (&lt;Migration teachersManagement.0001_initial&gt;, False),
 (&lt;Migration teachersManagement.0002_teacherprofile&gt;, False),
 (&lt;Migration teachersManagement.0003_delete_teacher&gt;, False),
 (&lt;Migration lesson_management.0001_initial&gt;, False),
 (&lt;Migration assist.0001_enable_pgvector&gt;, False),
 (&lt;Migration assist.0002_initial_models&gt;, False),
 (&lt;Migration assist.0003_vector_index&gt;, False),
 (&lt;Migration assist.0004_rename_assist_docu_lesson__a1b2c3_idx_assist_docu_lesson__9efbd5_idx_and_more&gt;,
  False),
 (&lt;Migration contenttypes.0002_remove_content_type_name&gt;, False),
 (&lt;Migration auth.0002_alter_permission_name_max_length&gt;, False),
 (&lt;Migration auth.0003_alter_user_email_max_length&gt;, False),
 (&lt;Migration auth.0004_alter_user_username_opts&gt;, False),
 (&lt;Migration auth.0005_alter_user_last_login_null&gt;, False),
 (&lt;Migration auth.0006_require_contenttypes_0002&gt;, False),
 (&lt;Migration auth.0007_alter_validators_add_error_messages&gt;, False),
 (&lt;Migration auth.0008_alter_user_username_max_length&gt;, False),
 (&lt;Migration auth.0009_alter_user_last_name_max_length&gt;, False),
 (&lt;Migration auth.0010_alter_group_name_max_length&gt;, False),
 (&lt;Migration auth.0011_update_proxy_permissions&gt;, False),
 (&lt;Migration auth.0012_alter_user_first_name_max_length&gt;, False),
 (&lt;Migration teachersManagement.0004_add_teacher_display_fields&gt;, False),
 (&lt;Migration student_management.0001_initial&gt;, False),
 (&lt;Migration student_management.0002_alter_managecreditpoint_student&gt;, False),
 (&lt;Migration student_management.0003_student_user&gt;, False),
 (&lt;Migration student_management.0004_remove_student_is_active&gt;, False),
 (&lt;Migration student_management.0005_enrollmentsequence_alter_student_course_and_more&gt;,
  False),
 (&lt;Migration lesson_management.0002_lessonenrollment&gt;, False),
 (&lt;Migration lesson_management.0003_lesson_youtube_link_lesson_youtube_thumbnail_and_more&gt;,
  False),
 (&lt;Migration course_management.0001_initial&gt;, False),
 (&lt;Migration course_management.0002_alter_course_status&gt;, False),
 (&lt;Migration course_management.0003_course_total_credits_required&gt;, False),
 (&lt;Migration course_management.0004_courselesson&gt;, False),
 (&lt;Migration classroom_and_grading.0001_initial&gt;, False),
 (&lt;Migration classroom_and_grading.0002_alter_classroomstudent_options_and_more&gt;,
  False),
 (&lt;Migration classroom_and_grading.0003_alter_classroomstudent_options&gt;, False),
 (&lt;Migration classroom_and_grading.0004_remove_classroom_duration_days_and_more&gt;,
  False),
 (&lt;Migration classroom_and_grading.0005_populate_end_date&gt;, False),
 (&lt;Migration classroom_and_grading.0006_classroom_end_date&gt;, False),
 (&lt;Migration classroom_and_grading.0007_alter_classroom_end_date&gt;, False),
 (&lt;Migration classroom_and_grading.0008_assignmentgrade&gt;, False),
 (&lt;Migration classroom_and_grading.0009_make_assignmentgrade_fields_nullable&gt;,
  False),
 (&lt;Migration course_management.0005_course_lessons&gt;, False),
 (&lt;Migration course_management.0005_alter_course_options_and_more&gt;, False),
 (&lt;Migration course_management.0006_merge_20251003_2125&gt;, False),
 (&lt;Migration course_management.0006_course_director&gt;, False),
 (&lt;Migration course_management.0007_merge_0006_course_director_0006_merge_20251003_2125&gt;,
  False),
 (&lt;Migration course_management.0008_course_director_name&gt;, False),
 (&lt;Migration lesson_management.0004_readinglistprogress_videoprogress&gt;, False),
 (&lt;Migration lesson_management.0004_assignmentattachment&gt;, False),
 (&lt;Migration lesson_management.0005_merge_20251007_1420&gt;, False),
 (&lt;Migration lesson_management.0006_alter_lesson_youtube_thumbnail&gt;, False),
 (&lt;Migration lesson_management.0007_assignmentsubmission&gt;, False),
 (&lt;Migration lesson_management.0008_assignment_pdf_assignment_weightage&gt;,
  False),
 (&lt;Migration sessions.0001_initial&gt;, False),
 (&lt;Migration social_django.0001_initial&gt;, False),
 (&lt;Migration social_django.0002_add_related_name&gt;, False),
 (&lt;Migration social_django.0003_alter_email_max_length&gt;, False),
 (&lt;Migration social_django.0004_auto_20160423_0400&gt;, False),
 (&lt;Migration social_django.0005_auto_20160727_2333&gt;, False),
 (&lt;Migration social_django.0006_partial&gt;, False),
 (&lt;Migration social_django.0007_code_timestamp&gt;, False),
 (&lt;Migration social_django.0008_partial_timestamp&gt;, False),
 (&lt;Migration social_django.0009_auto_20191118_0520&gt;, False),
 (&lt;Migration social_django.0010_uid_db_index&gt;, False),
 (&lt;Migration social_django.0011_alter_id_fields&gt;, False),
 (&lt;Migration social_django.0012_usersocialauth_extra_data_new&gt;, False),
 (&lt;Migration social_django.0013_migrate_extra_data&gt;, False),
 (&lt;Migration social_django.0014_remove_usersocialauth_extra_data&gt;, False),
 (&lt;Migration social_django.0015_rename_extra_data_new_usersocialauth_extra_data&gt;,
  False),
 (&lt;Migration social_django.0016_alter_usersocialauth_extra_data&gt;, False),
 (&lt;Migration welcome_page.0001_initial&gt;, False)]
        self       = &lt;django.db.migrations.executor.MigrationExecutor object at 0x000002162D178260&gt;
        state      = &lt;django.db.migrations.state.ProjectState object at 0x000002162CC37A70&gt;
C:\Users\matth\anaconda3\Lib\site-packages\django\db\migrations\executor.py:255: in apply_migration
    state = migration.apply(state, schema_editor)
        fake       = False
        fake_initial = False
        migration  = &lt;Migration assist.0001_enable_pgvector&gt;
        migration_recorded = False
        schema_editor = &lt;django.db.backends.sqlite3.schema.DatabaseSchemaEditor object at 0x000002162CF09280&gt;
        self       = &lt;django.db.migrations.executor.MigrationExecutor object at 0x000002162D178260&gt;
        state      = &lt;django.db.migrations.state.ProjectState object at 0x000002162CC37A70&gt;
C:\Users\matth\anaconda3\Lib\site-packages\django\db\migrations\migration.py:132: in apply
    operation.database_forwards(
        atomic_operation = False
        collect_sql = False
        old_state  = &lt;django.db.migrations.state.ProjectState object at 0x000002162D2EDFA0&gt;
        operation  = &lt;RunSQL  sql='CREATE EXTENSION IF NOT EXISTS vector;', reverse_sql='DROP EXTENSION IF EXISTS vector;'&gt;
        project_state = &lt;django.db.migrations.state.ProjectState object at 0x000002162CC37A70&gt;
        schema_editor = &lt;django.db.backends.sqlite3.schema.DatabaseSchemaEditor object at 0x000002162CF09280&gt;
        self       = &lt;Migration assist.0001_enable_pgvector&gt;
C:\Users\matth\anaconda3\Lib\site-packages\django\db\migrations\operations\special.py:108: in database_forwards
    self._run_sql(schema_editor, self.sql)
        app_label  = 'assist'
        from_state = &lt;django.db.migrations.state.ProjectState object at 0x000002162D2EDFA0&gt;
        schema_editor = &lt;django.db.backends.sqlite3.schema.DatabaseSchemaEditor object at 0x000002162CF09280&gt;
        self       = &lt;RunSQL  sql='CREATE EXTENSION IF NOT EXISTS vector;', reverse_sql='DROP EXTENSION IF EXISTS vector;'&gt;
        to_state   = &lt;django.db.migrations.state.ProjectState object at 0x000002162CC37A70&gt;
C:\Users\matth\anaconda3\Lib\site-packages\django\db\migrations\operations\special.py:135: in _run_sql
    schema_editor.execute(statement, params=None)
        schema_editor = &lt;django.db.backends.sqlite3.schema.DatabaseSchemaEditor object at 0x000002162CF09280&gt;
        self       = &lt;RunSQL  sql='CREATE EXTENSION IF NOT EXISTS vector;', reverse_sql='DROP EXTENSION IF EXISTS vector;'&gt;
        sqls       = 'CREATE EXTENSION IF NOT EXISTS vector;'
        statement  = 'CREATE EXTENSION IF NOT EXISTS vector;'
        statements = ['CREATE EXTENSION IF NOT EXISTS vector;']
C:\Users\matth\anaconda3\Lib\site-packages\django\db\backends\base\schema.py:204: in execute
    cursor.execute(sql, params)
        cursor     = &lt;django.db.backends.utils.CursorWrapper object at 0x000002162D2EE2A0&gt;
        params     = None
        self       = &lt;django.db.backends.sqlite3.schema.DatabaseSchemaEditor object at 0x000002162CF09280&gt;
        sql        = 'CREATE EXTENSION IF NOT EXISTS vector;'
C:\Users\matth\anaconda3\Lib\site-packages\django\db\backends\utils.py:79: in execute
    return self._execute_with_wrappers(
        params     = None
        self       = &lt;django.db.backends.utils.CursorWrapper object at 0x000002162D2EE2A0&gt;
        sql        = 'CREATE EXTENSION IF NOT EXISTS vector;'
C:\Users\matth\anaconda3\Lib\site-packages\django\db\backends\utils.py:92: in _execute_with_wrappers
    return executor(sql, params, many, context)
        context    = {'connection': &lt;DatabaseWrapper vendor='sqlite' alias='default'&gt;,
 'cursor': &lt;django.db.backends.utils.CursorWrapper object at 0x000002162D2EE2A0&gt;}
        executor   = &lt;bound method CursorWrapper._execute of &lt;django.db.backends.utils.CursorWrapper object at 0x000002162D2EE2A0&gt;&gt;
        many       = False
        params     = None
        self       = &lt;django.db.backends.utils.CursorWrapper object at 0x000002162D2EE2A0&gt;
        sql        = 'CREATE EXTENSION IF NOT EXISTS vector;'
C:\Users\matth\anaconda3\Lib\site-packages\django\db\backends\utils.py:100: in _execute
    with self.db.wrap_database_errors:
        ignored_wrapper_args = (False,
 {'connection': &lt;DatabaseWrapper vendor='sqlite' alias='default'&gt;,
  'cursor': &lt;django.db.backends.utils.CursorWrapper object at 0x000002162D2EE2A0&gt;})
        params     = None
        self       = &lt;django.db.backends.utils.CursorWrapper object at 0x000002162D2EE2A0&gt;
        sql        = 'CREATE EXTENSION IF NOT EXISTS vector;'
C:\Users\matth\anaconda3\Lib\site-packages\django\db\utils.py:91: in __exit__
    raise dj_exc_value.with_traceback(traceback) from exc_value
        db_exc_type = &lt;class 'sqlite3.OperationalError'&gt;
        dj_exc_type = &lt;class 'django.db.utils.OperationalError'&gt;
        dj_exc_value = OperationalError('near "EXTENSION": syntax error')
        exc_type   = &lt;class 'sqlite3.OperationalError'&gt;
        exc_value  = OperationalError('near "EXTENSION": syntax error')
        self       = &lt;django.db.utils.DatabaseErrorWrapper object at 0x000002162D237290&gt;
        traceback  = &lt;traceback object at 0x000002162D2FC3C0&gt;
C:\Users\matth\anaconda3\Lib\site-packages\django\db\backends\utils.py:103: in _execute
    return self.cursor.execute(sql)
        ignored_wrapper_args = (False,
 {'connection': &lt;DatabaseWrapper vendor='sqlite' alias='default'&gt;,
  'cursor': &lt;django.db.backends.utils.CursorWrapper object at 0x000002162D2EE2A0&gt;})
        params     = None
        self       = &lt;django.db.backends.utils.CursorWrapper object at 0x000002162D2EE2A0&gt;
        sql        = 'CREATE EXTENSION IF NOT EXISTS vector;'
C:\Users\matth\anaconda3\Lib\site-packages\django\db\backends\sqlite3\base.py:356: in execute
    return super().execute(query)
E   django.db.utils.OperationalError: near "EXTENSION": syntax error
        __class__  = &lt;class 'django.db.backends.sqlite3.base.SQLiteCursorWrapper'&gt;
        params     = None
        query      = 'CREATE EXTENSION IF NOT EXISTS vector;'
        self       = &lt;django.db.backends.sqlite3.base.SQLiteCursorWrapper object at 0x000002162D1345F0&gt;</error></testcase></testsuite></testsuites>